{"D:\\Pulse_Ops\\backend\\controllers\\alertController.js": {"path":"D:\\Pulse_Ops\\backend\\controllers\\alertController.js","statementMap":{"0":{"start":{"line":2,"column":14},"end":{"line":2,"column":40}},"1":{"start":{"line":5,"column":18},"end":{"line":43,"column":1}},"2":{"start":{"line":6,"column":2},"end":{"line":42,"column":3}},"3":{"start":{"line":14,"column":8},"end":{"line":14,"column":17}},"4":{"start":{"line":16,"column":19},"end":{"line":16,"column":21}},"5":{"start":{"line":17,"column":4},"end":{"line":17,"column":47}},"6":{"start":{"line":17,"column":20},"end":{"line":17,"column":47}},"7":{"start":{"line":18,"column":4},"end":{"line":18,"column":49}},"8":{"start":{"line":18,"column":20},"end":{"line":18,"column":49}},"9":{"start":{"line":19,"column":4},"end":{"line":19,"column":45}},"10":{"start":{"line":19,"column":20},"end":{"line":19,"column":45}},"11":{"start":{"line":20,"column":4},"end":{"line":20,"column":51}},"12":{"start":{"line":20,"column":20},"end":{"line":20,"column":51}},"13":{"start":{"line":22,"column":17},"end":{"line":22,"column":51}},"14":{"start":{"line":24,"column":28},"end":{"line":31,"column":6}},"15":{"start":{"line":33,"column":4},"end":{"line":39,"column":7}},"16":{"start":{"line":41,"column":4},"end":{"line":41,"column":76}},"17":{"start":{"line":46,"column":17},"end":{"line":58,"column":1}},"18":{"start":{"line":47,"column":2},"end":{"line":57,"column":3}},"19":{"start":{"line":48,"column":18},"end":{"line":49,"column":52}},"20":{"start":{"line":51,"column":4},"end":{"line":53,"column":5}},"21":{"start":{"line":52,"column":6},"end":{"line":52,"column":66}},"22":{"start":{"line":54,"column":4},"end":{"line":54,"column":42}},"23":{"start":{"line":56,"column":4},"end":{"line":56,"column":76}},"24":{"start":{"line":61,"column":25},"end":{"line":80,"column":1}},"25":{"start":{"line":62,"column":2},"end":{"line":79,"column":3}},"26":{"start":{"line":63,"column":18},"end":{"line":67,"column":42}},"27":{"start":{"line":69,"column":4},"end":{"line":71,"column":5}},"28":{"start":{"line":70,"column":6},"end":{"line":70,"column":66}},"29":{"start":{"line":73,"column":15},"end":{"line":73,"column":32}},"30":{"start":{"line":74,"column":4},"end":{"line":74,"column":49}},"31":{"start":{"line":74,"column":12},"end":{"line":74,"column":49}},"32":{"start":{"line":76,"column":4},"end":{"line":76,"column":73}},"33":{"start":{"line":78,"column":4},"end":{"line":78,"column":76}},"34":{"start":{"line":83,"column":21},"end":{"line":102,"column":1}},"35":{"start":{"line":84,"column":2},"end":{"line":101,"column":3}},"36":{"start":{"line":85,"column":18},"end":{"line":89,"column":42}},"37":{"start":{"line":91,"column":4},"end":{"line":93,"column":5}},"38":{"start":{"line":92,"column":6},"end":{"line":92,"column":66}},"39":{"start":{"line":95,"column":15},"end":{"line":95,"column":32}},"40":{"start":{"line":96,"column":4},"end":{"line":96,"column":45}},"41":{"start":{"line":96,"column":12},"end":{"line":96,"column":45}},"42":{"start":{"line":98,"column":4},"end":{"line":98,"column":69}},"43":{"start":{"line":100,"column":4},"end":{"line":100,"column":76}},"44":{"start":{"line":105,"column":22},"end":{"line":122,"column":1}},"45":{"start":{"line":106,"column":2},"end":{"line":121,"column":3}},"46":{"start":{"line":107,"column":48},"end":{"line":111,"column":6}},"47":{"start":{"line":113,"column":23},"end":{"line":113,"column":25}},"48":{"start":{"line":114,"column":23},"end":{"line":114,"column":25}},"49":{"start":{"line":115,"column":4},"end":{"line":115,"column":64}},"50":{"start":{"line":115,"column":34},"end":{"line":115,"column":61}},"51":{"start":{"line":116,"column":4},"end":{"line":116,"column":64}},"52":{"start":{"line":116,"column":34},"end":{"line":116,"column":61}},"53":{"start":{"line":118,"column":4},"end":{"line":118,"column":68}},"54":{"start":{"line":120,"column":4},"end":{"line":120,"column":76}},"55":{"start":{"line":125,"column":26},"end":{"line":138,"column":1}},"56":{"start":{"line":126,"column":2},"end":{"line":137,"column":3}},"57":{"start":{"line":127,"column":21},"end":{"line":127,"column":31}},"58":{"start":{"line":128,"column":19},"end":{"line":131,"column":5}},"59":{"start":{"line":132,"column":4},"end":{"line":134,"column":7}},"60":{"start":{"line":136,"column":4},"end":{"line":136,"column":76}},"61":{"start":{"line":140,"column":0},"end":{"line":147,"column":2}}},"fnMap":{"0":{"name":"(anonymous_0)","decl":{"start":{"line":5,"column":18},"end":{"line":5,"column":19}},"loc":{"start":{"line":5,"column":38},"end":{"line":43,"column":1}},"line":5},"1":{"name":"(anonymous_1)","decl":{"start":{"line":46,"column":17},"end":{"line":46,"column":18}},"loc":{"start":{"line":46,"column":37},"end":{"line":58,"column":1}},"line":46},"2":{"name":"(anonymous_2)","decl":{"start":{"line":61,"column":25},"end":{"line":61,"column":26}},"loc":{"start":{"line":61,"column":45},"end":{"line":80,"column":1}},"line":61},"3":{"name":"(anonymous_3)","decl":{"start":{"line":83,"column":21},"end":{"line":83,"column":22}},"loc":{"start":{"line":83,"column":41},"end":{"line":102,"column":1}},"line":83},"4":{"name":"(anonymous_4)","decl":{"start":{"line":105,"column":22},"end":{"line":105,"column":23}},"loc":{"start":{"line":105,"column":42},"end":{"line":122,"column":1}},"line":105},"5":{"name":"(anonymous_5)","decl":{"start":{"line":115,"column":24},"end":{"line":115,"column":25}},"loc":{"start":{"line":115,"column":34},"end":{"line":115,"column":61}},"line":115},"6":{"name":"(anonymous_6)","decl":{"start":{"line":116,"column":26},"end":{"line":116,"column":27}},"loc":{"start":{"line":116,"column":34},"end":{"line":116,"column":61}},"line":116},"7":{"name":"(anonymous_7)","decl":{"start":{"line":125,"column":26},"end":{"line":125,"column":27}},"loc":{"start":{"line":125,"column":46},"end":{"line":138,"column":1}},"line":125}},"branchMap":{"0":{"loc":{"start":{"line":12,"column":6},"end":{"line":12,"column":15}},"type":"default-arg","locations":[{"start":{"line":12,"column":14},"end":{"line":12,"column":15}}],"line":12},"1":{"loc":{"start":{"line":13,"column":6},"end":{"line":13,"column":16}},"type":"default-arg","locations":[{"start":{"line":13,"column":14},"end":{"line":13,"column":16}}],"line":13},"2":{"loc":{"start":{"line":17,"column":4},"end":{"line":17,"column":47}},"type":"if","locations":[{"start":{"line":17,"column":4},"end":{"line":17,"column":47}},{"start":{},"end":{}}],"line":17},"3":{"loc":{"start":{"line":18,"column":4},"end":{"line":18,"column":49}},"type":"if","locations":[{"start":{"line":18,"column":4},"end":{"line":18,"column":49}},{"start":{},"end":{}}],"line":18},"4":{"loc":{"start":{"line":19,"column":4},"end":{"line":19,"column":45}},"type":"if","locations":[{"start":{"line":19,"column":4},"end":{"line":19,"column":45}},{"start":{},"end":{}}],"line":19},"5":{"loc":{"start":{"line":20,"column":4},"end":{"line":20,"column":51}},"type":"if","locations":[{"start":{"line":20,"column":4},"end":{"line":20,"column":51}},{"start":{},"end":{}}],"line":20},"6":{"loc":{"start":{"line":51,"column":4},"end":{"line":53,"column":5}},"type":"if","locations":[{"start":{"line":51,"column":4},"end":{"line":53,"column":5}},{"start":{},"end":{}}],"line":51},"7":{"loc":{"start":{"line":69,"column":4},"end":{"line":71,"column":5}},"type":"if","locations":[{"start":{"line":69,"column":4},"end":{"line":71,"column":5}},{"start":{},"end":{}}],"line":69},"8":{"loc":{"start":{"line":74,"column":4},"end":{"line":74,"column":49}},"type":"if","locations":[{"start":{"line":74,"column":4},"end":{"line":74,"column":49}},{"start":{},"end":{}}],"line":74},"9":{"loc":{"start":{"line":91,"column":4},"end":{"line":93,"column":5}},"type":"if","locations":[{"start":{"line":91,"column":4},"end":{"line":93,"column":5}},{"start":{},"end":{}}],"line":91},"10":{"loc":{"start":{"line":96,"column":4},"end":{"line":96,"column":45}},"type":"if","locations":[{"start":{"line":96,"column":4},"end":{"line":96,"column":45}},{"start":{},"end":{}}],"line":96}},"s":{"0":3,"1":3,"2":0,"3":0,"4":0,"5":0,"6":0,"7":0,"8":0,"9":0,"10":0,"11":0,"12":0,"13":0,"14":0,"15":0,"16":0,"17":3,"18":0,"19":0,"20":0,"21":0,"22":0,"23":0,"24":3,"25":0,"26":0,"27":0,"28":0,"29":0,"30":0,"31":0,"32":0,"33":0,"34":3,"35":0,"36":0,"37":0,"38":0,"39":0,"40":0,"41":0,"42":0,"43":0,"44":3,"45":0,"46":0,"47":0,"48":0,"49":0,"50":0,"51":0,"52":0,"53":0,"54":0,"55":3,"56":0,"57":0,"58":0,"59":0,"60":0,"61":3},"f":{"0":0,"1":0,"2":0,"3":0,"4":0,"5":0,"6":0,"7":0},"b":{"0":[0],"1":[0],"2":[0,0],"3":[0,0],"4":[0,0],"5":[0,0],"6":[0,0],"7":[0,0],"8":[0,0],"9":[0,0],"10":[0,0]},"_coverageSchema":"1a1c01bbd47fc00a2c39e90264f33305004495a9","hash":"704655b3fe3cad89c57f8a091e379fba0abf651d"}
,"D:\\Pulse_Ops\\backend\\controllers\\authController.js": {"path":"D:\\Pulse_Ops\\backend\\controllers\\authController.js","statementMap":{"0":{"start":{"line":2,"column":13},"end":{"line":2,"column":38}},"1":{"start":{"line":3,"column":48},"end":{"line":3,"column":71}},"2":{"start":{"line":6,"column":17},"end":{"line":36,"column":1}},"3":{"start":{"line":7,"column":2},"end":{"line":35,"column":3}},"4":{"start":{"line":8,"column":44},"end":{"line":8,"column":52}},"5":{"start":{"line":11,"column":25},"end":{"line":11,"column":54}},"6":{"start":{"line":12,"column":4},"end":{"line":14,"column":5}},"7":{"start":{"line":13,"column":6},"end":{"line":13,"column":75}},"8":{"start":{"line":17,"column":17},"end":{"line":17,"column":67}},"9":{"start":{"line":19,"column":18},"end":{"line":19,"column":66}},"10":{"start":{"line":20,"column":25},"end":{"line":20,"column":63}},"11":{"start":{"line":22,"column":4},"end":{"line":32,"column":7}},"12":{"start":{"line":34,"column":4},"end":{"line":34,"column":76}},"13":{"start":{"line":39,"column":14},"end":{"line":76,"column":1}},"14":{"start":{"line":40,"column":2},"end":{"line":75,"column":3}},"15":{"start":{"line":41,"column":32},"end":{"line":41,"column":40}},"16":{"start":{"line":44,"column":17},"end":{"line":44,"column":66}},"17":{"start":{"line":45,"column":4},"end":{"line":47,"column":5}},"18":{"start":{"line":46,"column":6},"end":{"line":46,"column":76}},"19":{"start":{"line":50,"column":20},"end":{"line":50,"column":56}},"20":{"start":{"line":51,"column":4},"end":{"line":53,"column":5}},"21":{"start":{"line":52,"column":6},"end":{"line":52,"column":76}},"22":{"start":{"line":56,"column":4},"end":{"line":56,"column":32}},"23":{"start":{"line":57,"column":4},"end":{"line":57,"column":51}},"24":{"start":{"line":59,"column":18},"end":{"line":59,"column":66}},"25":{"start":{"line":60,"column":25},"end":{"line":60,"column":63}},"26":{"start":{"line":62,"column":4},"end":{"line":72,"column":7}},"27":{"start":{"line":74,"column":4},"end":{"line":74,"column":76}},"28":{"start":{"line":79,"column":14},"end":{"line":86,"column":1}},"29":{"start":{"line":80,"column":2},"end":{"line":85,"column":3}},"30":{"start":{"line":81,"column":17},"end":{"line":81,"column":49}},"31":{"start":{"line":82,"column":4},"end":{"line":82,"column":35}},"32":{"start":{"line":84,"column":4},"end":{"line":84,"column":76}},"33":{"start":{"line":88,"column":0},"end":{"line":88,"column":44}}},"fnMap":{"0":{"name":"(anonymous_0)","decl":{"start":{"line":6,"column":17},"end":{"line":6,"column":18}},"loc":{"start":{"line":6,"column":37},"end":{"line":36,"column":1}},"line":6},"1":{"name":"(anonymous_1)","decl":{"start":{"line":39,"column":14},"end":{"line":39,"column":15}},"loc":{"start":{"line":39,"column":34},"end":{"line":76,"column":1}},"line":39},"2":{"name":"(anonymous_2)","decl":{"start":{"line":79,"column":14},"end":{"line":79,"column":15}},"loc":{"start":{"line":79,"column":34},"end":{"line":86,"column":1}},"line":79}},"branchMap":{"0":{"loc":{"start":{"line":12,"column":4},"end":{"line":14,"column":5}},"type":"if","locations":[{"start":{"line":12,"column":4},"end":{"line":14,"column":5}},{"start":{},"end":{}}],"line":12},"1":{"loc":{"start":{"line":45,"column":4},"end":{"line":47,"column":5}},"type":"if","locations":[{"start":{"line":45,"column":4},"end":{"line":47,"column":5}},{"start":{},"end":{}}],"line":45},"2":{"loc":{"start":{"line":51,"column":4},"end":{"line":53,"column":5}},"type":"if","locations":[{"start":{"line":51,"column":4},"end":{"line":53,"column":5}},{"start":{},"end":{}}],"line":51}},"s":{"0":3,"1":3,"2":3,"3":20,"4":20,"5":20,"6":20,"7":1,"8":19,"9":18,"10":18,"11":18,"12":1,"13":3,"14":3,"15":3,"16":3,"17":3,"18":1,"19":2,"20":2,"21":1,"22":1,"23":1,"24":1,"25":1,"26":1,"27":0,"28":3,"29":1,"30":1,"31":1,"32":0,"33":3},"f":{"0":20,"1":3,"2":1},"b":{"0":[1,19],"1":[1,2],"2":[1,1]},"_coverageSchema":"1a1c01bbd47fc00a2c39e90264f33305004495a9","hash":"c58cd93e7b5029e9dbc841e15f557e525a739c43"}
,"D:\\Pulse_Ops\\backend\\controllers\\incidentController.js": {"path":"D:\\Pulse_Ops\\backend\\controllers\\incidentController.js","statementMap":{"0":{"start":{"line":2,"column":17},"end":{"line":2,"column":46}},"1":{"start":{"line":8,"column":4},"end":{"line":8,"column":41}},"2":{"start":{"line":11,"column":23},"end":{"line":56,"column":1}},"3":{"start":{"line":12,"column":2},"end":{"line":55,"column":3}},"4":{"start":{"line":20,"column":8},"end":{"line":20,"column":16}},"5":{"start":{"line":22,"column":4},"end":{"line":24,"column":5}},"6":{"start":{"line":23,"column":6},"end":{"line":23,"column":68}},"7":{"start":{"line":26,"column":21},"end":{"line":39,"column":6}},"8":{"start":{"line":41,"column":4},"end":{"line":41,"column":61}},"9":{"start":{"line":44,"column":15},"end":{"line":44,"column":32}},"10":{"start":{"line":45,"column":4},"end":{"line":45,"column":50}},"11":{"start":{"line":45,"column":12},"end":{"line":45,"column":50}},"12":{"start":{"line":48,"column":0},"end":{"line":50,"column":2}},"13":{"start":{"line":49,"column":2},"end":{"line":49,"column":63}},"14":{"start":{"line":52,"column":4},"end":{"line":52,"column":74}},"15":{"start":{"line":54,"column":4},"end":{"line":54,"column":76}},"16":{"start":{"line":59,"column":21},"end":{"line":109,"column":1}},"17":{"start":{"line":60,"column":2},"end":{"line":108,"column":3}},"18":{"start":{"line":70,"column":8},"end":{"line":70,"column":17}},"19":{"start":{"line":72,"column":19},"end":{"line":72,"column":21}},"20":{"start":{"line":74,"column":4},"end":{"line":74,"column":43}},"21":{"start":{"line":74,"column":18},"end":{"line":74,"column":43}},"22":{"start":{"line":75,"column":4},"end":{"line":75,"column":45}},"23":{"start":{"line":75,"column":18},"end":{"line":75,"column":45}},"24":{"start":{"line":76,"column":4},"end":{"line":76,"column":41}},"25":{"start":{"line":76,"column":18},"end":{"line":76,"column":41}},"26":{"start":{"line":79,"column":4},"end":{"line":85,"column":5}},"27":{"start":{"line":80,"column":6},"end":{"line":84,"column":8}},"28":{"start":{"line":87,"column":17},"end":{"line":87,"column":51}},"29":{"start":{"line":88,"column":22},"end":{"line":88,"column":46}},"30":{"start":{"line":90,"column":31},"end":{"line":97,"column":6}},"31":{"start":{"line":99,"column":4},"end":{"line":105,"column":7}},"32":{"start":{"line":107,"column":4},"end":{"line":107,"column":76}},"33":{"start":{"line":112,"column":20},"end":{"line":127,"column":1}},"34":{"start":{"line":113,"column":2},"end":{"line":126,"column":3}},"35":{"start":{"line":114,"column":21},"end":{"line":117,"column":33}},"36":{"start":{"line":119,"column":4},"end":{"line":121,"column":5}},"37":{"start":{"line":120,"column":6},"end":{"line":120,"column":69}},"38":{"start":{"line":123,"column":4},"end":{"line":123,"column":45}},"39":{"start":{"line":125,"column":4},"end":{"line":125,"column":76}},"40":{"start":{"line":130,"column":23},"end":{"line":180,"column":1}},"41":{"start":{"line":131,"column":2},"end":{"line":179,"column":3}},"42":{"start":{"line":132,"column":65},"end":{"line":132,"column":73}},"43":{"start":{"line":134,"column":21},"end":{"line":134,"column":59}},"44":{"start":{"line":135,"column":4},"end":{"line":137,"column":5}},"45":{"start":{"line":136,"column":6},"end":{"line":136,"column":69}},"46":{"start":{"line":140,"column":4},"end":{"line":153,"column":5}},"47":{"start":{"line":141,"column":6},"end":{"line":144,"column":9}},"48":{"start":{"line":145,"column":6},"end":{"line":145,"column":31}},"49":{"start":{"line":148,"column":6},"end":{"line":152,"column":7}},"50":{"start":{"line":149,"column":8},"end":{"line":149,"column":41}},"51":{"start":{"line":151,"column":8},"end":{"line":151,"column":35}},"52":{"start":{"line":155,"column":4},"end":{"line":155,"column":53}},"53":{"start":{"line":155,"column":21},"end":{"line":155,"column":53}},"54":{"start":{"line":156,"column":4},"end":{"line":156,"column":55}},"55":{"start":{"line":156,"column":21},"end":{"line":156,"column":55}},"56":{"start":{"line":157,"column":4},"end":{"line":157,"column":50}},"57":{"start":{"line":157,"column":21},"end":{"line":157,"column":50}},"58":{"start":{"line":158,"column":4},"end":{"line":158,"column":56}},"59":{"start":{"line":158,"column":21},"end":{"line":158,"column":56}},"60":{"start":{"line":160,"column":4},"end":{"line":160,"column":26}},"61":{"start":{"line":161,"column":4},"end":{"line":161,"column":61}},"62":{"start":{"line":163,"column":15},"end":{"line":163,"column":32}},"63":{"start":{"line":164,"column":4},"end":{"line":164,"column":50}},"64":{"start":{"line":164,"column":12},"end":{"line":164,"column":50}},"65":{"start":{"line":166,"column":0},"end":{"line":174,"column":1}},"66":{"start":{"line":167,"column":2},"end":{"line":169,"column":4}},"67":{"start":{"line":168,"column":4},"end":{"line":168,"column":66}},"68":{"start":{"line":171,"column":2},"end":{"line":173,"column":4}},"69":{"start":{"line":172,"column":4},"end":{"line":172,"column":65}},"70":{"start":{"line":176,"column":4},"end":{"line":176,"column":74}},"71":{"start":{"line":178,"column":4},"end":{"line":178,"column":76}},"72":{"start":{"line":183,"column":24},"end":{"line":210,"column":1}},"73":{"start":{"line":184,"column":2},"end":{"line":209,"column":3}},"74":{"start":{"line":185,"column":21},"end":{"line":185,"column":29}},"75":{"start":{"line":187,"column":4},"end":{"line":189,"column":5}},"76":{"start":{"line":188,"column":6},"end":{"line":188,"column":67}},"77":{"start":{"line":191,"column":21},"end":{"line":191,"column":59}},"78":{"start":{"line":192,"column":4},"end":{"line":194,"column":5}},"79":{"start":{"line":193,"column":6},"end":{"line":193,"column":69}},"80":{"start":{"line":196,"column":4},"end":{"line":196,"column":60}},"81":{"start":{"line":197,"column":4},"end":{"line":197,"column":26}},"82":{"start":{"line":198,"column":4},"end":{"line":198,"column":62}},"83":{"start":{"line":200,"column":15},"end":{"line":200,"column":32}},"84":{"start":{"line":201,"column":4},"end":{"line":201,"column":50}},"85":{"start":{"line":201,"column":12},"end":{"line":201,"column":50}},"86":{"start":{"line":203,"column":4},"end":{"line":206,"column":7}},"87":{"start":{"line":208,"column":4},"end":{"line":208,"column":76}},"88":{"start":{"line":213,"column":23},"end":{"line":227,"column":1}},"89":{"start":{"line":214,"column":2},"end":{"line":226,"column":3}},"90":{"start":{"line":215,"column":21},"end":{"line":215,"column":68}},"91":{"start":{"line":216,"column":4},"end":{"line":218,"column":5}},"92":{"start":{"line":217,"column":6},"end":{"line":217,"column":69}},"93":{"start":{"line":220,"column":15},"end":{"line":220,"column":32}},"94":{"start":{"line":221,"column":4},"end":{"line":221,"column":63}},"95":{"start":{"line":221,"column":12},"end":{"line":221,"column":63}},"96":{"start":{"line":223,"column":4},"end":{"line":223,"column":58}},"97":{"start":{"line":225,"column":4},"end":{"line":225,"column":76}},"98":{"start":{"line":230,"column":25},"end":{"line":254,"column":1}},"99":{"start":{"line":231,"column":2},"end":{"line":253,"column":3}},"100":{"start":{"line":232,"column":48},"end":{"line":240,"column":6}},"101":{"start":{"line":242,"column":21},"end":{"line":242,"column":23}},"102":{"start":{"line":243,"column":4},"end":{"line":243,"column":60}},"103":{"start":{"line":243,"column":32},"end":{"line":243,"column":57}},"104":{"start":{"line":245,"column":23},"end":{"line":245,"column":25}},"105":{"start":{"line":246,"column":4},"end":{"line":246,"column":64}},"106":{"start":{"line":246,"column":34},"end":{"line":246,"column":61}},"107":{"start":{"line":248,"column":4},"end":{"line":250,"column":7}},"108":{"start":{"line":252,"column":4},"end":{"line":252,"column":76}},"109":{"start":{"line":256,"column":0},"end":{"line":264,"column":2}}},"fnMap":{"0":{"name":"(anonymous_0)","decl":{"start":{"line":11,"column":23},"end":{"line":11,"column":24}},"loc":{"start":{"line":11,"column":43},"end":{"line":56,"column":1}},"line":11},"1":{"name":"(anonymous_1)","decl":{"start":{"line":48,"column":34},"end":{"line":48,"column":35}},"loc":{"start":{"line":49,"column":2},"end":{"line":49,"column":63}},"line":49},"2":{"name":"(anonymous_2)","decl":{"start":{"line":59,"column":21},"end":{"line":59,"column":22}},"loc":{"start":{"line":59,"column":41},"end":{"line":109,"column":1}},"line":59},"3":{"name":"(anonymous_3)","decl":{"start":{"line":112,"column":20},"end":{"line":112,"column":21}},"loc":{"start":{"line":112,"column":40},"end":{"line":127,"column":1}},"line":112},"4":{"name":"(anonymous_4)","decl":{"start":{"line":130,"column":23},"end":{"line":130,"column":24}},"loc":{"start":{"line":130,"column":43},"end":{"line":180,"column":1}},"line":130},"5":{"name":"(anonymous_5)","decl":{"start":{"line":167,"column":37},"end":{"line":167,"column":38}},"loc":{"start":{"line":168,"column":4},"end":{"line":168,"column":66}},"line":168},"6":{"name":"(anonymous_6)","decl":{"start":{"line":171,"column":36},"end":{"line":171,"column":37}},"loc":{"start":{"line":172,"column":4},"end":{"line":172,"column":65}},"line":172},"7":{"name":"(anonymous_7)","decl":{"start":{"line":183,"column":24},"end":{"line":183,"column":25}},"loc":{"start":{"line":183,"column":44},"end":{"line":210,"column":1}},"line":183},"8":{"name":"(anonymous_8)","decl":{"start":{"line":213,"column":23},"end":{"line":213,"column":24}},"loc":{"start":{"line":213,"column":43},"end":{"line":227,"column":1}},"line":213},"9":{"name":"(anonymous_9)","decl":{"start":{"line":230,"column":25},"end":{"line":230,"column":26}},"loc":{"start":{"line":230,"column":45},"end":{"line":254,"column":1}},"line":230},"10":{"name":"(anonymous_10)","decl":{"start":{"line":243,"column":24},"end":{"line":243,"column":25}},"loc":{"start":{"line":243,"column":32},"end":{"line":243,"column":57}},"line":243},"11":{"name":"(anonymous_11)","decl":{"start":{"line":246,"column":26},"end":{"line":246,"column":27}},"loc":{"start":{"line":246,"column":34},"end":{"line":246,"column":61}},"line":246}},"branchMap":{"0":{"loc":{"start":{"line":22,"column":4},"end":{"line":24,"column":5}},"type":"if","locations":[{"start":{"line":22,"column":4},"end":{"line":24,"column":5}},{"start":{},"end":{}}],"line":22},"1":{"loc":{"start":{"line":29,"column":16},"end":{"line":29,"column":36}},"type":"binary-expr","locations":[{"start":{"line":29,"column":16},"end":{"line":29,"column":24}},{"start":{"line":29,"column":28},"end":{"line":29,"column":36}}],"line":29},"2":{"loc":{"start":{"line":31,"column":18},"end":{"line":31,"column":36}},"type":"binary-expr","locations":[{"start":{"line":31,"column":18},"end":{"line":31,"column":28}},{"start":{"line":31,"column":32},"end":{"line":31,"column":36}}],"line":31},"3":{"loc":{"start":{"line":32,"column":22},"end":{"line":32,"column":42}},"type":"binary-expr","locations":[{"start":{"line":32,"column":22},"end":{"line":32,"column":36}},{"start":{"line":32,"column":40},"end":{"line":32,"column":42}}],"line":32},"4":{"loc":{"start":{"line":45,"column":4},"end":{"line":45,"column":50}},"type":"if","locations":[{"start":{"line":45,"column":4},"end":{"line":45,"column":50}},{"start":{},"end":{}}],"line":45},"5":{"loc":{"start":{"line":66,"column":6},"end":{"line":66,"column":14}},"type":"default-arg","locations":[{"start":{"line":66,"column":13},"end":{"line":66,"column":14}}],"line":66},"6":{"loc":{"start":{"line":67,"column":6},"end":{"line":67,"column":16}},"type":"default-arg","locations":[{"start":{"line":67,"column":14},"end":{"line":67,"column":16}}],"line":67},"7":{"loc":{"start":{"line":68,"column":6},"end":{"line":68,"column":26}},"type":"default-arg","locations":[{"start":{"line":68,"column":15},"end":{"line":68,"column":26}}],"line":68},"8":{"loc":{"start":{"line":69,"column":6},"end":{"line":69,"column":20}},"type":"default-arg","locations":[{"start":{"line":69,"column":14},"end":{"line":69,"column":20}}],"line":69},"9":{"loc":{"start":{"line":74,"column":4},"end":{"line":74,"column":43}},"type":"if","locations":[{"start":{"line":74,"column":4},"end":{"line":74,"column":43}},{"start":{},"end":{}}],"line":74},"10":{"loc":{"start":{"line":75,"column":4},"end":{"line":75,"column":45}},"type":"if","locations":[{"start":{"line":75,"column":4},"end":{"line":75,"column":45}},{"start":{},"end":{}}],"line":75},"11":{"loc":{"start":{"line":76,"column":4},"end":{"line":76,"column":41}},"type":"if","locations":[{"start":{"line":76,"column":4},"end":{"line":76,"column":41}},{"start":{},"end":{}}],"line":76},"12":{"loc":{"start":{"line":79,"column":4},"end":{"line":85,"column":5}},"type":"if","locations":[{"start":{"line":79,"column":4},"end":{"line":85,"column":5}},{"start":{},"end":{}}],"line":79},"13":{"loc":{"start":{"line":88,"column":22},"end":{"line":88,"column":46}},"type":"cond-expr","locations":[{"start":{"line":88,"column":40},"end":{"line":88,"column":41}},{"start":{"line":88,"column":44},"end":{"line":88,"column":46}}],"line":88},"14":{"loc":{"start":{"line":119,"column":4},"end":{"line":121,"column":5}},"type":"if","locations":[{"start":{"line":119,"column":4},"end":{"line":121,"column":5}},{"start":{},"end":{}}],"line":119},"15":{"loc":{"start":{"line":135,"column":4},"end":{"line":137,"column":5}},"type":"if","locations":[{"start":{"line":135,"column":4},"end":{"line":137,"column":5}},{"start":{},"end":{}}],"line":135},"16":{"loc":{"start":{"line":140,"column":4},"end":{"line":153,"column":5}},"type":"if","locations":[{"start":{"line":140,"column":4},"end":{"line":153,"column":5}},{"start":{},"end":{}}],"line":140},"17":{"loc":{"start":{"line":140,"column":8},"end":{"line":140,"column":44}},"type":"binary-expr","locations":[{"start":{"line":140,"column":8},"end":{"line":140,"column":14}},{"start":{"line":140,"column":18},"end":{"line":140,"column":44}}],"line":140},"18":{"loc":{"start":{"line":148,"column":6},"end":{"line":152,"column":7}},"type":"if","locations":[{"start":{"line":148,"column":6},"end":{"line":152,"column":7}},{"start":{"line":150,"column":13},"end":{"line":152,"column":7}}],"line":148},"19":{"loc":{"start":{"line":155,"column":4},"end":{"line":155,"column":53}},"type":"if","locations":[{"start":{"line":155,"column":4},"end":{"line":155,"column":53}},{"start":{},"end":{}}],"line":155},"20":{"loc":{"start":{"line":156,"column":4},"end":{"line":156,"column":55}},"type":"if","locations":[{"start":{"line":156,"column":4},"end":{"line":156,"column":55}},{"start":{},"end":{}}],"line":156},"21":{"loc":{"start":{"line":157,"column":4},"end":{"line":157,"column":50}},"type":"if","locations":[{"start":{"line":157,"column":4},"end":{"line":157,"column":50}},{"start":{},"end":{}}],"line":157},"22":{"loc":{"start":{"line":158,"column":4},"end":{"line":158,"column":56}},"type":"if","locations":[{"start":{"line":158,"column":4},"end":{"line":158,"column":56}},{"start":{},"end":{}}],"line":158},"23":{"loc":{"start":{"line":164,"column":4},"end":{"line":164,"column":50}},"type":"if","locations":[{"start":{"line":164,"column":4},"end":{"line":164,"column":50}},{"start":{},"end":{}}],"line":164},"24":{"loc":{"start":{"line":166,"column":0},"end":{"line":174,"column":1}},"type":"if","locations":[{"start":{"line":166,"column":0},"end":{"line":174,"column":1}},{"start":{"line":170,"column":7},"end":{"line":174,"column":1}}],"line":166},"25":{"loc":{"start":{"line":187,"column":4},"end":{"line":189,"column":5}},"type":"if","locations":[{"start":{"line":187,"column":4},"end":{"line":189,"column":5}},{"start":{},"end":{}}],"line":187},"26":{"loc":{"start":{"line":192,"column":4},"end":{"line":194,"column":5}},"type":"if","locations":[{"start":{"line":192,"column":4},"end":{"line":194,"column":5}},{"start":{},"end":{}}],"line":192},"27":{"loc":{"start":{"line":201,"column":4},"end":{"line":201,"column":50}},"type":"if","locations":[{"start":{"line":201,"column":4},"end":{"line":201,"column":50}},{"start":{},"end":{}}],"line":201},"28":{"loc":{"start":{"line":216,"column":4},"end":{"line":218,"column":5}},"type":"if","locations":[{"start":{"line":216,"column":4},"end":{"line":218,"column":5}},{"start":{},"end":{}}],"line":216},"29":{"loc":{"start":{"line":221,"column":4},"end":{"line":221,"column":63}},"type":"if","locations":[{"start":{"line":221,"column":4},"end":{"line":221,"column":63}},{"start":{},"end":{}}],"line":221}},"s":{"0":3,"1":3,"2":3,"3":6,"4":6,"5":6,"6":0,"7":6,"8":6,"9":6,"10":6,"11":6,"12":6,"13":0,"14":6,"15":0,"16":3,"17":3,"18":3,"19":3,"20":3,"21":1,"22":3,"23":0,"24":3,"25":0,"26":3,"27":1,"28":3,"29":3,"30":3,"31":3,"32":0,"33":3,"34":0,"35":0,"36":0,"37":0,"38":0,"39":0,"40":3,"41":2,"42":2,"43":2,"44":2,"45":0,"46":2,"47":2,"48":2,"49":2,"50":1,"51":1,"52":2,"53":0,"54":2,"55":0,"56":2,"57":0,"58":2,"59":0,"60":2,"61":2,"62":2,"63":2,"64":2,"65":2,"66":1,"67":0,"68":1,"69":0,"70":2,"71":0,"72":3,"73":1,"74":1,"75":1,"76":0,"77":1,"78":1,"79":0,"80":1,"81":1,"82":1,"83":1,"84":1,"85":1,"86":1,"87":0,"88":3,"89":1,"90":1,"91":1,"92":0,"93":1,"94":1,"95":1,"96":1,"97":0,"98":3,"99":1,"100":1,"101":1,"102":1,"103":1,"104":1,"105":1,"106":1,"107":1,"108":0,"109":3},"f":{"0":6,"1":0,"2":3,"3":0,"4":2,"5":0,"6":0,"7":1,"8":1,"9":1,"10":1,"11":1},"b":{"0":[0,6],"1":[6,0],"2":[6,6],"3":[6,6],"4":[6,0],"5":[3],"6":[2],"7":[3],"8":[3],"9":[1,2],"10":[0,3],"11":[0,3],"12":[1,2],"13":[0,3],"14":[0,0],"15":[0,2],"16":[2,0],"17":[2,2],"18":[1,1],"19":[0,2],"20":[0,2],"21":[0,2],"22":[0,2],"23":[2,0],"24":[1,1],"25":[0,1],"26":[0,1],"27":[1,0],"28":[0,1],"29":[1,0]},"_coverageSchema":"1a1c01bbd47fc00a2c39e90264f33305004495a9","hash":"4b8ddf78d91fb42b405e8e87e909dd350875a3b2"}
,"D:\\Pulse_Ops\\backend\\controllers\\metricsController.js": {"path":"D:\\Pulse_Ops\\backend\\controllers\\metricsController.js","statementMap":{"0":{"start":{"line":2,"column":15},"end":{"line":2,"column":42}},"1":{"start":{"line":3,"column":26},"end":{"line":3,"column":61}},"2":{"start":{"line":6,"column":21},"end":{"line":36,"column":1}},"3":{"start":{"line":7,"column":2},"end":{"line":35,"column":3}},"4":{"start":{"line":8,"column":58},"end":{"line":8,"column":66}},"5":{"start":{"line":10,"column":4},"end":{"line":14,"column":5}},"6":{"start":{"line":11,"column":6},"end":{"line":13,"column":9}},"7":{"start":{"line":16,"column":23},"end":{"line":24,"column":5}},"8":{"start":{"line":27,"column":4},"end":{"line":27,"column":36}},"9":{"start":{"line":29,"column":4},"end":{"line":32,"column":7}},"10":{"start":{"line":34,"column":4},"end":{"line":34,"column":76}},"11":{"start":{"line":39,"column":26},"end":{"line":57,"column":1}},"12":{"start":{"line":40,"column":2},"end":{"line":56,"column":3}},"13":{"start":{"line":41,"column":24},"end":{"line":41,"column":32}},"14":{"start":{"line":43,"column":4},"end":{"line":45,"column":5}},"15":{"start":{"line":44,"column":6},"end":{"line":44,"column":76}},"16":{"start":{"line":47,"column":4},"end":{"line":49,"column":5}},"17":{"start":{"line":48,"column":6},"end":{"line":48,"column":59}},"18":{"start":{"line":51,"column":4},"end":{"line":53,"column":7}},"19":{"start":{"line":55,"column":4},"end":{"line":55,"column":76}},"20":{"start":{"line":60,"column":19},"end":{"line":98,"column":1}},"21":{"start":{"line":61,"column":2},"end":{"line":97,"column":3}},"22":{"start":{"line":68,"column":8},"end":{"line":68,"column":17}},"23":{"start":{"line":70,"column":19},"end":{"line":70,"column":21}},"24":{"start":{"line":72,"column":4},"end":{"line":72,"column":33}},"25":{"start":{"line":72,"column":14},"end":{"line":72,"column":33}},"26":{"start":{"line":74,"column":4},"end":{"line":78,"column":5}},"27":{"start":{"line":75,"column":6},"end":{"line":75,"column":28}},"28":{"start":{"line":76,"column":6},"end":{"line":76,"column":55}},"29":{"start":{"line":76,"column":16},"end":{"line":76,"column":55}},"30":{"start":{"line":77,"column":6},"end":{"line":77,"column":51}},"31":{"start":{"line":77,"column":14},"end":{"line":77,"column":51}},"32":{"start":{"line":80,"column":17},"end":{"line":80,"column":51}},"33":{"start":{"line":82,"column":20},"end":{"line":85,"column":17}},"34":{"start":{"line":87,"column":18},"end":{"line":87,"column":53}},"35":{"start":{"line":89,"column":4},"end":{"line":94,"column":7}},"36":{"start":{"line":96,"column":4},"end":{"line":96,"column":76}},"37":{"start":{"line":101,"column":25},"end":{"line":122,"column":1}},"38":{"start":{"line":102,"column":2},"end":{"line":121,"column":3}},"39":{"start":{"line":103,"column":19},"end":{"line":116,"column":6}},"40":{"start":{"line":118,"column":4},"end":{"line":118,"column":43}},"41":{"start":{"line":120,"column":4},"end":{"line":120,"column":76}},"42":{"start":{"line":125,"column":21},"end":{"line":163,"column":1}},"43":{"start":{"line":126,"column":2},"end":{"line":162,"column":3}},"44":{"start":{"line":127,"column":21},"end":{"line":127,"column":31}},"45":{"start":{"line":128,"column":25},"end":{"line":128,"column":34}},"46":{"start":{"line":130,"column":23},"end":{"line":130,"column":31}},"47":{"start":{"line":131,"column":4},"end":{"line":135,"column":5}},"48":{"start":{"line":132,"column":6},"end":{"line":132,"column":32}},"49":{"start":{"line":133,"column":6},"end":{"line":133,"column":59}},"50":{"start":{"line":133,"column":16},"end":{"line":133,"column":59}},"51":{"start":{"line":134,"column":6},"end":{"line":134,"column":55}},"52":{"start":{"line":134,"column":14},"end":{"line":134,"column":55}},"53":{"start":{"line":137,"column":18},"end":{"line":153,"column":6}},"54":{"start":{"line":155,"column":4},"end":{"line":157,"column":5}},"55":{"start":{"line":156,"column":6},"end":{"line":156,"column":76}},"56":{"start":{"line":159,"column":4},"end":{"line":159,"column":45}},"57":{"start":{"line":161,"column":4},"end":{"line":161,"column":76}},"58":{"start":{"line":165,"column":0},"end":{"line":171,"column":2}}},"fnMap":{"0":{"name":"(anonymous_0)","decl":{"start":{"line":6,"column":21},"end":{"line":6,"column":22}},"loc":{"start":{"line":6,"column":41},"end":{"line":36,"column":1}},"line":6},"1":{"name":"(anonymous_1)","decl":{"start":{"line":39,"column":26},"end":{"line":39,"column":27}},"loc":{"start":{"line":39,"column":46},"end":{"line":57,"column":1}},"line":39},"2":{"name":"(anonymous_2)","decl":{"start":{"line":60,"column":19},"end":{"line":60,"column":20}},"loc":{"start":{"line":60,"column":39},"end":{"line":98,"column":1}},"line":60},"3":{"name":"(anonymous_3)","decl":{"start":{"line":101,"column":25},"end":{"line":101,"column":26}},"loc":{"start":{"line":101,"column":45},"end":{"line":122,"column":1}},"line":101},"4":{"name":"(anonymous_4)","decl":{"start":{"line":125,"column":21},"end":{"line":125,"column":22}},"loc":{"start":{"line":125,"column":41},"end":{"line":163,"column":1}},"line":125}},"branchMap":{"0":{"loc":{"start":{"line":10,"column":4},"end":{"line":14,"column":5}},"type":"if","locations":[{"start":{"line":10,"column":4},"end":{"line":14,"column":5}},{"start":{},"end":{}}],"line":10},"1":{"loc":{"start":{"line":10,"column":8},"end":{"line":10,"column":80}},"type":"binary-expr","locations":[{"start":{"line":10,"column":8},"end":{"line":10,"column":13}},{"start":{"line":10,"column":17},"end":{"line":10,"column":34}},{"start":{"line":10,"column":38},"end":{"line":10,"column":58}},{"start":{"line":10,"column":62},"end":{"line":10,"column":80}}],"line":10},"2":{"loc":{"start":{"line":18,"column":15},"end":{"line":18,"column":34}},"type":"binary-expr","locations":[{"start":{"line":18,"column":15},"end":{"line":18,"column":22}},{"start":{"line":18,"column":26},"end":{"line":18,"column":34}}],"line":18},"3":{"loc":{"start":{"line":22,"column":15},"end":{"line":22,"column":43}},"type":"binary-expr","locations":[{"start":{"line":22,"column":15},"end":{"line":22,"column":22}},{"start":{"line":22,"column":26},"end":{"line":22,"column":43}}],"line":22},"4":{"loc":{"start":{"line":43,"column":4},"end":{"line":45,"column":5}},"type":"if","locations":[{"start":{"line":43,"column":4},"end":{"line":45,"column":5}},{"start":{},"end":{}}],"line":43},"5":{"loc":{"start":{"line":43,"column":8},"end":{"line":43,"column":55}},"type":"binary-expr","locations":[{"start":{"line":43,"column":8},"end":{"line":43,"column":31}},{"start":{"line":43,"column":35},"end":{"line":43,"column":55}}],"line":43},"6":{"loc":{"start":{"line":66,"column":6},"end":{"line":66,"column":17}},"type":"default-arg","locations":[{"start":{"line":66,"column":14},"end":{"line":66,"column":17}}],"line":66},"7":{"loc":{"start":{"line":67,"column":6},"end":{"line":67,"column":14}},"type":"default-arg","locations":[{"start":{"line":67,"column":13},"end":{"line":67,"column":14}}],"line":67},"8":{"loc":{"start":{"line":72,"column":4},"end":{"line":72,"column":33}},"type":"if","locations":[{"start":{"line":72,"column":4},"end":{"line":72,"column":33}},{"start":{},"end":{}}],"line":72},"9":{"loc":{"start":{"line":74,"column":4},"end":{"line":78,"column":5}},"type":"if","locations":[{"start":{"line":74,"column":4},"end":{"line":78,"column":5}},{"start":{},"end":{}}],"line":74},"10":{"loc":{"start":{"line":74,"column":8},"end":{"line":74,"column":18}},"type":"binary-expr","locations":[{"start":{"line":74,"column":8},"end":{"line":74,"column":12}},{"start":{"line":74,"column":16},"end":{"line":74,"column":18}}],"line":74},"11":{"loc":{"start":{"line":76,"column":6},"end":{"line":76,"column":55}},"type":"if","locations":[{"start":{"line":76,"column":6},"end":{"line":76,"column":55}},{"start":{},"end":{}}],"line":76},"12":{"loc":{"start":{"line":77,"column":6},"end":{"line":77,"column":51}},"type":"if","locations":[{"start":{"line":77,"column":6},"end":{"line":77,"column":51}},{"start":{},"end":{}}],"line":77},"13":{"loc":{"start":{"line":131,"column":4},"end":{"line":135,"column":5}},"type":"if","locations":[{"start":{"line":131,"column":4},"end":{"line":135,"column":5}},{"start":{},"end":{}}],"line":131},"14":{"loc":{"start":{"line":131,"column":8},"end":{"line":131,"column":18}},"type":"binary-expr","locations":[{"start":{"line":131,"column":8},"end":{"line":131,"column":12}},{"start":{"line":131,"column":16},"end":{"line":131,"column":18}}],"line":131},"15":{"loc":{"start":{"line":133,"column":6},"end":{"line":133,"column":59}},"type":"if","locations":[{"start":{"line":133,"column":6},"end":{"line":133,"column":59}},{"start":{},"end":{}}],"line":133},"16":{"loc":{"start":{"line":134,"column":6},"end":{"line":134,"column":55}},"type":"if","locations":[{"start":{"line":134,"column":6},"end":{"line":134,"column":55}},{"start":{},"end":{}}],"line":134},"17":{"loc":{"start":{"line":155,"column":4},"end":{"line":157,"column":5}},"type":"if","locations":[{"start":{"line":155,"column":4},"end":{"line":157,"column":5}},{"start":{},"end":{}}],"line":155}},"s":{"0":3,"1":3,"2":3,"3":2,"4":2,"5":2,"6":1,"7":1,"8":1,"9":1,"10":0,"11":3,"12":1,"13":1,"14":1,"15":0,"16":1,"17":3,"18":1,"19":0,"20":3,"21":2,"22":2,"23":2,"24":2,"25":1,"26":2,"27":0,"28":0,"29":0,"30":0,"31":0,"32":2,"33":2,"34":2,"35":2,"36":0,"37":3,"38":1,"39":1,"40":1,"41":0,"42":3,"43":1,"44":1,"45":1,"46":1,"47":1,"48":0,"49":0,"50":0,"51":0,"52":0,"53":1,"54":1,"55":0,"56":1,"57":0,"58":3},"f":{"0":2,"1":1,"2":2,"3":1,"4":1},"b":{"0":[1,1],"1":[2,2,1,1],"2":[1,1],"3":[1,0],"4":[0,1],"5":[1,1],"6":[1],"7":[2],"8":[1,1],"9":[0,2],"10":[2,2],"11":[0,0],"12":[0,0],"13":[0,1],"14":[1,1],"15":[0,0],"16":[0,0],"17":[0,1]},"_coverageSchema":"1a1c01bbd47fc00a2c39e90264f33305004495a9","hash":"c35659b5ad815b0626a2239a934ac0b3b2abcc09"}
,"D:\\Pulse_Ops\\backend\\controllers\\rcaController.js": {"path":"D:\\Pulse_Ops\\backend\\controllers\\rcaController.js","statementMap":{"0":{"start":{"line":2,"column":32},"end":{"line":2,"column":69}},"1":{"start":{"line":3,"column":17},"end":{"line":3,"column":46}},"2":{"start":{"line":6,"column":28},"end":{"line":50,"column":1}},"3":{"start":{"line":7,"column":2},"end":{"line":49,"column":3}},"4":{"start":{"line":8,"column":19},"end":{"line":8,"column":29}},"5":{"start":{"line":11,"column":21},"end":{"line":11,"column":48}},"6":{"start":{"line":12,"column":4},"end":{"line":14,"column":5}},"7":{"start":{"line":13,"column":6},"end":{"line":13,"column":69}},"8":{"start":{"line":17,"column":4},"end":{"line":23,"column":5}},"9":{"start":{"line":18,"column":6},"end":{"line":22,"column":9}},"10":{"start":{"line":26,"column":16},"end":{"line":26,"column":37}},"11":{"start":{"line":29,"column":15},"end":{"line":29,"column":32}},"12":{"start":{"line":30,"column":4},"end":{"line":32,"column":5}},"13":{"start":{"line":31,"column":6},"end":{"line":31,"column":56}},"14":{"start":{"line":34,"column":4},"end":{"line":38,"column":7}},"15":{"start":{"line":40,"column":4},"end":{"line":40,"column":53}},"16":{"start":{"line":42,"column":4},"end":{"line":46,"column":5}},"17":{"start":{"line":43,"column":6},"end":{"line":45,"column":9}},"18":{"start":{"line":48,"column":4},"end":{"line":48,"column":76}},"19":{"start":{"line":53,"column":23},"end":{"line":65,"column":1}},"20":{"start":{"line":54,"column":2},"end":{"line":64,"column":3}},"21":{"start":{"line":55,"column":16},"end":{"line":55,"column":43}},"22":{"start":{"line":56,"column":4},"end":{"line":60,"column":5}},"23":{"start":{"line":57,"column":6},"end":{"line":59,"column":9}},"24":{"start":{"line":61,"column":4},"end":{"line":61,"column":40}},"25":{"start":{"line":63,"column":4},"end":{"line":63,"column":76}},"26":{"start":{"line":68,"column":24},"end":{"line":101,"column":1}},"27":{"start":{"line":69,"column":2},"end":{"line":100,"column":3}},"28":{"start":{"line":71,"column":26},"end":{"line":74,"column":36}},"29":{"start":{"line":76,"column":4},"end":{"line":80,"column":5}},"30":{"start":{"line":77,"column":6},"end":{"line":79,"column":9}},"31":{"start":{"line":83,"column":4},"end":{"line":86,"column":7}},"32":{"start":{"line":85,"column":43},"end":{"line":85,"column":72}},"33":{"start":{"line":89,"column":4},"end":{"line":97,"column":5}},"34":{"start":{"line":90,"column":6},"end":{"line":96,"column":7}},"35":{"start":{"line":91,"column":8},"end":{"line":91,"column":46}},"36":{"start":{"line":93,"column":8},"end":{"line":93,"column":54}},"37":{"start":{"line":93,"column":33},"end":{"line":93,"column":52}},"38":{"start":{"line":95,"column":8},"end":{"line":95,"column":72}},"39":{"start":{"line":99,"column":4},"end":{"line":99,"column":76}},"40":{"start":{"line":104,"column":20},"end":{"line":126,"column":1}},"41":{"start":{"line":105,"column":2},"end":{"line":125,"column":3}},"42":{"start":{"line":106,"column":57},"end":{"line":112,"column":6}},"43":{"start":{"line":114,"column":4},"end":{"line":122,"column":7}},"44":{"start":{"line":124,"column":4},"end":{"line":124,"column":76}},"45":{"start":{"line":128,"column":0},"end":{"line":133,"column":2}}},"fnMap":{"0":{"name":"(anonymous_0)","decl":{"start":{"line":6,"column":28},"end":{"line":6,"column":29}},"loc":{"start":{"line":6,"column":48},"end":{"line":50,"column":1}},"line":6},"1":{"name":"(anonymous_1)","decl":{"start":{"line":53,"column":23},"end":{"line":53,"column":24}},"loc":{"start":{"line":53,"column":43},"end":{"line":65,"column":1}},"line":53},"2":{"name":"(anonymous_2)","decl":{"start":{"line":68,"column":24},"end":{"line":68,"column":25}},"loc":{"start":{"line":68,"column":44},"end":{"line":101,"column":1}},"line":68},"3":{"name":"(anonymous_3)","decl":{"start":{"line":85,"column":35},"end":{"line":85,"column":36}},"loc":{"start":{"line":85,"column":43},"end":{"line":85,"column":72}},"line":85},"4":{"name":"(anonymous_4)","decl":{"start":{"line":93,"column":26},"end":{"line":93,"column":27}},"loc":{"start":{"line":93,"column":33},"end":{"line":93,"column":52}},"line":93},"5":{"name":"(anonymous_5)","decl":{"start":{"line":104,"column":20},"end":{"line":104,"column":21}},"loc":{"start":{"line":104,"column":40},"end":{"line":126,"column":1}},"line":104}},"branchMap":{"0":{"loc":{"start":{"line":12,"column":4},"end":{"line":14,"column":5}},"type":"if","locations":[{"start":{"line":12,"column":4},"end":{"line":14,"column":5}},{"start":{},"end":{}}],"line":12},"1":{"loc":{"start":{"line":17,"column":4},"end":{"line":23,"column":5}},"type":"if","locations":[{"start":{"line":17,"column":4},"end":{"line":23,"column":5}},{"start":{},"end":{}}],"line":17},"2":{"loc":{"start":{"line":17,"column":8},"end":{"line":17,"column":53}},"type":"binary-expr","locations":[{"start":{"line":17,"column":8},"end":{"line":17,"column":33}},{"start":{"line":17,"column":37},"end":{"line":17,"column":53}}],"line":17},"3":{"loc":{"start":{"line":30,"column":4},"end":{"line":32,"column":5}},"type":"if","locations":[{"start":{"line":30,"column":4},"end":{"line":32,"column":5}},{"start":{},"end":{}}],"line":30},"4":{"loc":{"start":{"line":42,"column":4},"end":{"line":46,"column":5}},"type":"if","locations":[{"start":{"line":42,"column":4},"end":{"line":46,"column":5}},{"start":{},"end":{}}],"line":42},"5":{"loc":{"start":{"line":56,"column":4},"end":{"line":60,"column":5}},"type":"if","locations":[{"start":{"line":56,"column":4},"end":{"line":60,"column":5}},{"start":{},"end":{}}],"line":56},"6":{"loc":{"start":{"line":76,"column":4},"end":{"line":80,"column":5}},"type":"if","locations":[{"start":{"line":76,"column":4},"end":{"line":80,"column":5}},{"start":{},"end":{}}],"line":76},"7":{"loc":{"start":{"line":119,"column":21},"end":{"line":119,"column":73}},"type":"cond-expr","locations":[{"start":{"line":119,"column":33},"end":{"line":119,"column":69}},{"start":{"line":119,"column":72},"end":{"line":119,"column":73}}],"line":119}},"s":{"0":3,"1":3,"2":3,"3":0,"4":0,"5":0,"6":0,"7":0,"8":0,"9":0,"10":0,"11":0,"12":0,"13":0,"14":0,"15":0,"16":0,"17":0,"18":0,"19":3,"20":0,"21":0,"22":0,"23":0,"24":0,"25":0,"26":3,"27":0,"28":0,"29":0,"30":0,"31":0,"32":0,"33":0,"34":0,"35":0,"36":0,"37":0,"38":0,"39":0,"40":3,"41":0,"42":0,"43":0,"44":0,"45":3},"f":{"0":0,"1":0,"2":0,"3":0,"4":0,"5":0},"b":{"0":[0,0],"1":[0,0],"2":[0,0],"3":[0,0],"4":[0,0],"5":[0,0],"6":[0,0],"7":[0,0]},"_coverageSchema":"1a1c01bbd47fc00a2c39e90264f33305004495a9","hash":"fcba0ad90afe7a9ed92032ff718a9645342ca53c"}
,"D:\\Pulse_Ops\\backend\\routes\\aiRoutes.js": {"path":"D:\\Pulse_Ops\\backend\\routes\\aiRoutes.js","statementMap":{"0":{"start":{"line":2,"column":16},"end":{"line":2,"column":34}},"1":{"start":{"line":3,"column":16},"end":{"line":3,"column":32}},"2":{"start":{"line":4,"column":16},"end":{"line":4,"column":43}},"3":{"start":{"line":5,"column":33},"end":{"line":5,"column":72}},"4":{"start":{"line":6,"column":42},"end":{"line":6,"column":70}},"5":{"start":{"line":8,"column":0},"end":{"line":8,"column":20}},"6":{"start":{"line":11,"column":0},"end":{"line":21,"column":3}},"7":{"start":{"line":12,"column":2},"end":{"line":20,"column":3}},"8":{"start":{"line":13,"column":34},"end":{"line":16,"column":6}},"9":{"start":{"line":17,"column":4},"end":{"line":17,"column":38}},"10":{"start":{"line":19,"column":4},"end":{"line":19,"column":51}},"11":{"start":{"line":24,"column":0},"end":{"line":52,"column":3}},"12":{"start":{"line":25,"column":2},"end":{"line":51,"column":3}},"13":{"start":{"line":31,"column":8},"end":{"line":31,"column":17}},"14":{"start":{"line":33,"column":19},"end":{"line":33,"column":38}},"15":{"start":{"line":34,"column":4},"end":{"line":34,"column":33}},"16":{"start":{"line":34,"column":14},"end":{"line":34,"column":33}},"17":{"start":{"line":35,"column":4},"end":{"line":39,"column":5}},"18":{"start":{"line":36,"column":6},"end":{"line":36,"column":28}},"19":{"start":{"line":37,"column":6},"end":{"line":37,"column":55}},"20":{"start":{"line":37,"column":16},"end":{"line":37,"column":55}},"21":{"start":{"line":38,"column":6},"end":{"line":38,"column":53}},"22":{"start":{"line":38,"column":16},"end":{"line":38,"column":53}},"23":{"start":{"line":41,"column":22},"end":{"line":43,"column":27}},"24":{"start":{"line":45,"column":4},"end":{"line":48,"column":7}},"25":{"start":{"line":50,"column":4},"end":{"line":50,"column":51}},"26":{"start":{"line":55,"column":0},"end":{"line":111,"column":3}},"27":{"start":{"line":56,"column":2},"end":{"line":110,"column":3}},"28":{"start":{"line":57,"column":20},"end":{"line":105,"column":6}},"29":{"start":{"line":107,"column":4},"end":{"line":107,"column":32}},"30":{"start":{"line":109,"column":4},"end":{"line":109,"column":51}},"31":{"start":{"line":114,"column":0},"end":{"line":130,"column":3}},"32":{"start":{"line":115,"column":2},"end":{"line":129,"column":3}},"33":{"start":{"line":116,"column":21},"end":{"line":116,"column":31}},"34":{"start":{"line":117,"column":27},"end":{"line":117,"column":36}},"35":{"start":{"line":119,"column":20},"end":{"line":124,"column":27}},"36":{"start":{"line":126,"column":4},"end":{"line":126,"column":42}},"37":{"start":{"line":128,"column":4},"end":{"line":128,"column":51}},"38":{"start":{"line":132,"column":0},"end":{"line":132,"column":24}}},"fnMap":{"0":{"name":"(anonymous_0)","decl":{"start":{"line":11,"column":22},"end":{"line":11,"column":23}},"loc":{"start":{"line":11,"column":42},"end":{"line":21,"column":1}},"line":11},"1":{"name":"(anonymous_1)","decl":{"start":{"line":24,"column":25},"end":{"line":24,"column":26}},"loc":{"start":{"line":24,"column":45},"end":{"line":52,"column":1}},"line":24},"2":{"name":"(anonymous_2)","decl":{"start":{"line":55,"column":28},"end":{"line":55,"column":29}},"loc":{"start":{"line":55,"column":48},"end":{"line":111,"column":1}},"line":55},"3":{"name":"(anonymous_3)","decl":{"start":{"line":114,"column":35},"end":{"line":114,"column":36}},"loc":{"start":{"line":114,"column":55},"end":{"line":130,"column":1}},"line":114}},"branchMap":{"0":{"loc":{"start":{"line":28,"column":6},"end":{"line":28,"column":16}},"type":"default-arg","locations":[{"start":{"line":28,"column":14},"end":{"line":28,"column":16}}],"line":28},"1":{"loc":{"start":{"line":34,"column":4},"end":{"line":34,"column":33}},"type":"if","locations":[{"start":{"line":34,"column":4},"end":{"line":34,"column":33}},{"start":{},"end":{}}],"line":34},"2":{"loc":{"start":{"line":35,"column":4},"end":{"line":39,"column":5}},"type":"if","locations":[{"start":{"line":35,"column":4},"end":{"line":39,"column":5}},{"start":{},"end":{}}],"line":35},"3":{"loc":{"start":{"line":35,"column":8},"end":{"line":35,"column":18}},"type":"binary-expr","locations":[{"start":{"line":35,"column":8},"end":{"line":35,"column":12}},{"start":{"line":35,"column":16},"end":{"line":35,"column":18}}],"line":35},"4":{"loc":{"start":{"line":37,"column":6},"end":{"line":37,"column":55}},"type":"if","locations":[{"start":{"line":37,"column":6},"end":{"line":37,"column":55}},{"start":{},"end":{}}],"line":37},"5":{"loc":{"start":{"line":38,"column":6},"end":{"line":38,"column":53}},"type":"if","locations":[{"start":{"line":38,"column":6},"end":{"line":38,"column":53}},{"start":{},"end":{}}],"line":38},"6":{"loc":{"start":{"line":117,"column":12},"end":{"line":117,"column":22}},"type":"default-arg","locations":[{"start":{"line":117,"column":20},"end":{"line":117,"column":22}}],"line":117}},"s":{"0":3,"1":3,"2":3,"3":3,"4":3,"5":3,"6":3,"7":0,"8":0,"9":0,"10":0,"11":3,"12":0,"13":0,"14":0,"15":0,"16":0,"17":0,"18":0,"19":0,"20":0,"21":0,"22":0,"23":0,"24":0,"25":0,"26":3,"27":0,"28":0,"29":0,"30":0,"31":3,"32":0,"33":0,"34":0,"35":0,"36":0,"37":0,"38":3},"f":{"0":0,"1":0,"2":0,"3":0},"b":{"0":[0],"1":[0,0],"2":[0,0],"3":[0,0],"4":[0,0],"5":[0,0],"6":[0]},"_coverageSchema":"1a1c01bbd47fc00a2c39e90264f33305004495a9","hash":"b1806ea871b6c60f693ae64d1d33e6c4aaf44359"}
,"D:\\Pulse_Ops\\backend\\routes\\alertRoutes.js": {"path":"D:\\Pulse_Ops\\backend\\routes\\alertRoutes.js","statementMap":{"0":{"start":{"line":2,"column":16},"end":{"line":2,"column":34}},"1":{"start":{"line":3,"column":16},"end":{"line":3,"column":32}},"2":{"start":{"line":11,"column":4},"end":{"line":11,"column":45}},"3":{"start":{"line":12,"column":32},"end":{"line":12,"column":71}},"4":{"start":{"line":14,"column":0},"end":{"line":14,"column":20}},"5":{"start":{"line":16,"column":0},"end":{"line":16,"column":55}},"6":{"start":{"line":17,"column":0},"end":{"line":17,"column":51}},"7":{"start":{"line":18,"column":0},"end":{"line":18,"column":50}},"8":{"start":{"line":19,"column":0},"end":{"line":19,"column":58}},"9":{"start":{"line":20,"column":0},"end":{"line":20,"column":54}},"10":{"start":{"line":21,"column":0},"end":{"line":21,"column":92}},"11":{"start":{"line":23,"column":0},"end":{"line":23,"column":24}}},"fnMap":{},"branchMap":{},"s":{"0":3,"1":3,"2":3,"3":3,"4":3,"5":3,"6":3,"7":3,"8":3,"9":3,"10":3,"11":3},"f":{},"b":{},"_coverageSchema":"1a1c01bbd47fc00a2c39e90264f33305004495a9","hash":"88eca412c000df9eb96936562edd8eef57c4b323"}
,"D:\\Pulse_Ops\\backend\\routes\\authRoutes.js": {"path":"D:\\Pulse_Ops\\backend\\routes\\authRoutes.js","statementMap":{"0":{"start":{"line":2,"column":16},"end":{"line":2,"column":34}},"1":{"start":{"line":3,"column":15},"end":{"line":3,"column":31}},"2":{"start":{"line":4,"column":35},"end":{"line":4,"column":75}},"3":{"start":{"line":5,"column":20},"end":{"line":5,"column":59}},"4":{"start":{"line":7,"column":0},"end":{"line":7,"column":35}},"5":{"start":{"line":8,"column":0},"end":{"line":8,"column":29}},"6":{"start":{"line":9,"column":0},"end":{"line":9,"column":34}},"7":{"start":{"line":11,"column":0},"end":{"line":11,"column":24}}},"fnMap":{},"branchMap":{},"s":{"0":3,"1":3,"2":3,"3":3,"4":3,"5":3,"6":3,"7":3},"f":{},"b":{},"_coverageSchema":"1a1c01bbd47fc00a2c39e90264f33305004495a9","hash":"ed69899a81bab663bb03cc5a5d923b244a489390"}
,"D:\\Pulse_Ops\\backend\\routes\\incidentRoutes.js": {"path":"D:\\Pulse_Ops\\backend\\routes\\incidentRoutes.js","statementMap":{"0":{"start":{"line":2,"column":16},"end":{"line":2,"column":34}},"1":{"start":{"line":3,"column":16},"end":{"line":3,"column":32}},"2":{"start":{"line":12,"column":4},"end":{"line":12,"column":48}},"3":{"start":{"line":13,"column":32},"end":{"line":13,"column":71}},"4":{"start":{"line":16,"column":0},"end":{"line":16,"column":20}},"5":{"start":{"line":18,"column":0},"end":{"line":18,"column":49}},"6":{"start":{"line":19,"column":0},"end":{"line":19,"column":45}},"7":{"start":{"line":20,"column":0},"end":{"line":20,"column":47}},"8":{"start":{"line":21,"column":0},"end":{"line":21,"column":44}},"9":{"start":{"line":22,"column":0},"end":{"line":22,"column":47}},"10":{"start":{"line":23,"column":0},"end":{"line":23,"column":48}},"11":{"start":{"line":24,"column":0},"end":{"line":24,"column":68}},"12":{"start":{"line":26,"column":0},"end":{"line":26,"column":24}}},"fnMap":{},"branchMap":{},"s":{"0":3,"1":3,"2":3,"3":3,"4":3,"5":3,"6":3,"7":3,"8":3,"9":3,"10":3,"11":3,"12":3},"f":{},"b":{},"_coverageSchema":"1a1c01bbd47fc00a2c39e90264f33305004495a9","hash":"cd76c024e7760ecbae636323a4a597a1657141e3"}
,"D:\\Pulse_Ops\\backend\\routes\\metricsRoutes.js": {"path":"D:\\Pulse_Ops\\backend\\routes\\metricsRoutes.js","statementMap":{"0":{"start":{"line":2,"column":16},"end":{"line":2,"column":34}},"1":{"start":{"line":3,"column":15},"end":{"line":3,"column":31}},"2":{"start":{"line":10,"column":4},"end":{"line":10,"column":47}},"3":{"start":{"line":11,"column":20},"end":{"line":11,"column":59}},"4":{"start":{"line":14,"column":0},"end":{"line":14,"column":31}},"5":{"start":{"line":15,"column":0},"end":{"line":15,"column":40}},"6":{"start":{"line":18,"column":0},"end":{"line":18,"column":37}},"7":{"start":{"line":19,"column":0},"end":{"line":19,"column":49}},"8":{"start":{"line":20,"column":0},"end":{"line":20,"column":50}},"9":{"start":{"line":22,"column":0},"end":{"line":22,"column":24}}},"fnMap":{},"branchMap":{},"s":{"0":3,"1":3,"2":3,"3":3,"4":3,"5":3,"6":3,"7":3,"8":3,"9":3},"f":{},"b":{},"_coverageSchema":"1a1c01bbd47fc00a2c39e90264f33305004495a9","hash":"0df417d7eb061b0e9cc4f85de057f2e4a1488e70"}
,"D:\\Pulse_Ops\\backend\\routes\\rcaRoutes.js": {"path":"D:\\Pulse_Ops\\backend\\routes\\rcaRoutes.js","statementMap":{"0":{"start":{"line":2,"column":16},"end":{"line":2,"column":34}},"1":{"start":{"line":3,"column":16},"end":{"line":3,"column":32}},"2":{"start":{"line":9,"column":4},"end":{"line":9,"column":43}},"3":{"start":{"line":10,"column":32},"end":{"line":10,"column":71}},"4":{"start":{"line":12,"column":0},"end":{"line":12,"column":20}},"5":{"start":{"line":14,"column":0},"end":{"line":14,"column":56}},"6":{"start":{"line":15,"column":0},"end":{"line":15,"column":72}},"7":{"start":{"line":16,"column":0},"end":{"line":16,"column":64}},"8":{"start":{"line":17,"column":0},"end":{"line":17,"column":59}},"9":{"start":{"line":19,"column":0},"end":{"line":19,"column":24}}},"fnMap":{},"branchMap":{},"s":{"0":3,"1":3,"2":3,"3":3,"4":3,"5":3,"6":3,"7":3,"8":3,"9":3},"f":{},"b":{},"_coverageSchema":"1a1c01bbd47fc00a2c39e90264f33305004495a9","hash":"aff15cb717eb05b5ff151c8fed36c3450e581d55"}
,"D:\\Pulse_Ops\\backend\\routes\\userRoutes.js": {"path":"D:\\Pulse_Ops\\backend\\routes\\userRoutes.js","statementMap":{"0":{"start":{"line":2,"column":16},"end":{"line":2,"column":34}},"1":{"start":{"line":3,"column":15},"end":{"line":3,"column":31}},"2":{"start":{"line":4,"column":13},"end":{"line":4,"column":38}},"3":{"start":{"line":5,"column":32},"end":{"line":5,"column":71}},"4":{"start":{"line":8,"column":0},"end":{"line":20,"column":2}},"5":{"start":{"line":13,"column":4},"end":{"line":18,"column":5}},"6":{"start":{"line":14,"column":20},"end":{"line":14,"column":37}},"7":{"start":{"line":15,"column":6},"end":{"line":15,"column":38}},"8":{"start":{"line":17,"column":6},"end":{"line":17,"column":56}},"9":{"start":{"line":23,"column":0},"end":{"line":39,"column":2}},"10":{"start":{"line":28,"column":4},"end":{"line":37,"column":5}},"11":{"start":{"line":29,"column":19},"end":{"line":33,"column":7}},"12":{"start":{"line":34,"column":6},"end":{"line":34,"column":37}},"13":{"start":{"line":36,"column":6},"end":{"line":36,"column":56}},"14":{"start":{"line":41,"column":0},"end":{"line":41,"column":24}}},"fnMap":{"0":{"name":"(anonymous_0)","decl":{"start":{"line":12,"column":2},"end":{"line":12,"column":3}},"loc":{"start":{"line":12,"column":22},"end":{"line":19,"column":3}},"line":12},"1":{"name":"(anonymous_1)","decl":{"start":{"line":27,"column":2},"end":{"line":27,"column":3}},"loc":{"start":{"line":27,"column":22},"end":{"line":38,"column":3}},"line":27}},"branchMap":{},"s":{"0":3,"1":3,"2":3,"3":3,"4":3,"5":0,"6":0,"7":0,"8":0,"9":3,"10":0,"11":0,"12":0,"13":0,"14":3},"f":{"0":0,"1":0},"b":{},"_coverageSchema":"1a1c01bbd47fc00a2c39e90264f33305004495a9","hash":"3354805b0bdf1a33cfc4f50fcea94dacce371f3a"}
,"D:\\Pulse_Ops\\backend\\routes\\webhookRoutes.js": {"path":"D:\\Pulse_Ops\\backend\\routes\\webhookRoutes.js","statementMap":{"0":{"start":{"line":2,"column":16},"end":{"line":2,"column":34}},"1":{"start":{"line":3,"column":16},"end":{"line":3,"column":32}},"2":{"start":{"line":4,"column":33},"end":{"line":4,"column":72}},"3":{"start":{"line":5,"column":56},"end":{"line":5,"column":93}},"4":{"start":{"line":7,"column":0},"end":{"line":7,"column":20}},"5":{"start":{"line":10,"column":0},"end":{"line":13,"column":3}},"6":{"start":{"line":11,"column":14},"end":{"line":11,"column":30}},"7":{"start":{"line":12,"column":2},"end":{"line":12,"column":45}},"8":{"start":{"line":16,"column":0},"end":{"line":40,"column":3}},"9":{"start":{"line":17,"column":20},"end":{"line":17,"column":28}},"10":{"start":{"line":19,"column":2},"end":{"line":24,"column":3}},"11":{"start":{"line":20,"column":4},"end":{"line":23,"column":7}},"12":{"start":{"line":26,"column":22},"end":{"line":31,"column":3}},"13":{"start":{"line":33,"column":17},"end":{"line":33,"column":54}},"14":{"start":{"line":35,"column":2},"end":{"line":39,"column":5}},"15":{"start":{"line":43,"column":0},"end":{"line":60,"column":3}},"16":{"start":{"line":44,"column":2},"end":{"line":59,"column":3}},"17":{"start":{"line":45,"column":20},"end":{"line":45,"column":36}},"18":{"start":{"line":46,"column":21},"end":{"line":52,"column":5}},"19":{"start":{"line":53,"column":4},"end":{"line":53,"column":38}},"20":{"start":{"line":55,"column":4},"end":{"line":58,"column":7}},"21":{"start":{"line":62,"column":0},"end":{"line":62,"column":24}}},"fnMap":{"0":{"name":"(anonymous_0)","decl":{"start":{"line":10,"column":19},"end":{"line":10,"column":20}},"loc":{"start":{"line":10,"column":33},"end":{"line":13,"column":1}},"line":10},"1":{"name":"(anonymous_1)","decl":{"start":{"line":16,"column":54},"end":{"line":16,"column":55}},"loc":{"start":{"line":16,"column":74},"end":{"line":40,"column":1}},"line":16},"2":{"name":"(anonymous_2)","decl":{"start":{"line":43,"column":25},"end":{"line":43,"column":26}},"loc":{"start":{"line":43,"column":45},"end":{"line":60,"column":1}},"line":43}},"branchMap":{"0":{"loc":{"start":{"line":19,"column":2},"end":{"line":24,"column":3}},"type":"if","locations":[{"start":{"line":19,"column":2},"end":{"line":24,"column":3}},{"start":{},"end":{}}],"line":19},"1":{"loc":{"start":{"line":19,"column":6},"end":{"line":19,"column":70}},"type":"binary-expr","locations":[{"start":{"line":19,"column":6},"end":{"line":19,"column":12}},{"start":{"line":19,"column":16},"end":{"line":19,"column":70}}],"line":19},"2":{"loc":{"start":{"line":36,"column":13},"end":{"line":36,"column":81}},"type":"cond-expr","locations":[{"start":{"line":36,"column":22},"end":{"line":36,"column":50}},{"start":{"line":36,"column":53},"end":{"line":36,"column":81}}],"line":36},"3":{"loc":{"start":{"line":38,"column":12},"end":{"line":38,"column":43}},"type":"cond-expr","locations":[{"start":{"line":38,"column":21},"end":{"line":38,"column":32}},{"start":{"line":38,"column":35},"end":{"line":38,"column":43}}],"line":38}},"s":{"0":3,"1":3,"2":3,"3":3,"4":3,"5":3,"6":0,"7":0,"8":3,"9":0,"10":0,"11":0,"12":0,"13":0,"14":0,"15":3,"16":0,"17":0,"18":0,"19":0,"20":0,"21":3},"f":{"0":0,"1":0,"2":0},"b":{"0":[0,0],"1":[0,0],"2":[0,0],"3":[0,0]},"_coverageSchema":"1a1c01bbd47fc00a2c39e90264f33305004495a9","hash":"9e01d7fe86faafd0b698112cf831612ba6e79000"}
,"D:\\Pulse_Ops\\backend\\services\\alertCooldown.js": {"path":"D:\\Pulse_Ops\\backend\\services\\alertCooldown.js","statementMap":{"0":{"start":{"line":4,"column":20},"end":{"line":4,"column":29}},"1":{"start":{"line":6,"column":21},"end":{"line":14,"column":1}},"2":{"start":{"line":7,"column":20},"end":{"line":7,"column":39}},"3":{"start":{"line":8,"column":20},"end":{"line":8,"column":40}},"4":{"start":{"line":9,"column":2},"end":{"line":9,"column":31}},"5":{"start":{"line":9,"column":18},"end":{"line":9,"column":31}},"6":{"start":{"line":11,"column":18},"end":{"line":11,"column":78}},"7":{"start":{"line":11,"column":62},"end":{"line":11,"column":77}},"8":{"start":{"line":12,"column":18},"end":{"line":12,"column":40}},"9":{"start":{"line":13,"column":2},"end":{"line":13,"column":53}},"10":{"start":{"line":16,"column":18},"end":{"line":19,"column":1}},"11":{"start":{"line":17,"column":14},"end":{"line":17,"column":33}},"12":{"start":{"line":18,"column":2},"end":{"line":18,"column":35}},"13":{"start":{"line":21,"column":22},"end":{"line":24,"column":1}},"14":{"start":{"line":22,"column":14},"end":{"line":22,"column":33}},"15":{"start":{"line":23,"column":2},"end":{"line":23,"column":26}},"16":{"start":{"line":26,"column":0},"end":{"line":26,"column":60}}},"fnMap":{"0":{"name":"(anonymous_0)","decl":{"start":{"line":6,"column":21},"end":{"line":6,"column":22}},"loc":{"start":{"line":6,"column":39},"end":{"line":14,"column":1}},"line":6},"1":{"name":"(anonymous_1)","decl":{"start":{"line":11,"column":55},"end":{"line":11,"column":56}},"loc":{"start":{"line":11,"column":62},"end":{"line":11,"column":77}},"line":11},"2":{"name":"(anonymous_2)","decl":{"start":{"line":16,"column":18},"end":{"line":16,"column":19}},"loc":{"start":{"line":16,"column":36},"end":{"line":19,"column":1}},"line":16},"3":{"name":"(anonymous_3)","decl":{"start":{"line":21,"column":22},"end":{"line":21,"column":23}},"loc":{"start":{"line":21,"column":40},"end":{"line":24,"column":1}},"line":21}},"branchMap":{"0":{"loc":{"start":{"line":9,"column":2},"end":{"line":9,"column":31}},"type":"if","locations":[{"start":{"line":9,"column":2},"end":{"line":9,"column":31}},{"start":{},"end":{}}],"line":9},"1":{"loc":{"start":{"line":13,"column":20},"end":{"line":13,"column":51}},"type":"binary-expr","locations":[{"start":{"line":13,"column":20},"end":{"line":13,"column":34}},{"start":{"line":13,"column":38},"end":{"line":13,"column":51}}],"line":13}},"s":{"0":3,"1":3,"2":6,"3":6,"4":6,"5":4,"6":2,"7":3,"8":2,"9":2,"10":3,"11":4,"12":4,"13":3,"14":0,"15":0,"16":3},"f":{"0":6,"1":3,"2":4,"3":0},"b":{"0":[4,2],"1":[2,0]},"_coverageSchema":"1a1c01bbd47fc00a2c39e90264f33305004495a9","hash":"30159ae00edb9b8927f36a6e18ed9f3c18b9115d"}
,"D:\\Pulse_Ops\\backend\\services\\alertEngine.js": {"path":"D:\\Pulse_Ops\\backend\\services\\alertEngine.js","statementMap":{"0":{"start":{"line":2,"column":21},"end":{"line":2,"column":52}},"1":{"start":{"line":3,"column":21},"end":{"line":3,"column":47}},"2":{"start":{"line":4,"column":21},"end":{"line":4,"column":50}},"3":{"start":{"line":5,"column":36},"end":{"line":5,"column":62}},"4":{"start":{"line":6,"column":36},"end":{"line":6,"column":68}},"5":{"start":{"line":7,"column":36},"end":{"line":7,"column":68}},"6":{"start":{"line":8,"column":41},"end":{"line":8,"column":68}},"7":{"start":{"line":10,"column":10},"end":{"line":10,"column":14}},"8":{"start":{"line":12,"column":14},"end":{"line":12,"column":35}},"9":{"start":{"line":12,"column":24},"end":{"line":12,"column":33}},"10":{"start":{"line":16,"column":24},"end":{"line":27,"column":1}},"11":{"start":{"line":17,"column":2},"end":{"line":26,"column":3}},"12":{"start":{"line":18,"column":4},"end":{"line":25,"column":5}},"13":{"start":{"line":19,"column":20},"end":{"line":19,"column":38}},"14":{"start":{"line":20,"column":6},"end":{"line":20,"column":40}},"15":{"start":{"line":20,"column":31},"end":{"line":20,"column":40}},"16":{"start":{"line":22,"column":6},"end":{"line":24,"column":7}},"17":{"start":{"line":23,"column":8},"end":{"line":23,"column":48}},"18":{"start":{"line":30,"column":21},"end":{"line":93,"column":1}},"19":{"start":{"line":31,"column":19},"end":{"line":31,"column":25}},"20":{"start":{"line":34,"column":2},"end":{"line":34,"column":42}},"21":{"start":{"line":34,"column":35},"end":{"line":34,"column":42}},"22":{"start":{"line":37,"column":2},"end":{"line":37,"column":27}},"23":{"start":{"line":39,"column":2},"end":{"line":92,"column":3}},"24":{"start":{"line":41,"column":18},"end":{"line":48,"column":6}},"25":{"start":{"line":51,"column":19},"end":{"line":51,"column":23}},"26":{"start":{"line":52,"column":4},"end":{"line":66,"column":5}},"27":{"start":{"line":53,"column":6},"end":{"line":61,"column":9}},"28":{"start":{"line":64,"column":6},"end":{"line":64,"column":36}},"29":{"start":{"line":65,"column":6},"end":{"line":65,"column":25}},"30":{"start":{"line":69,"column":20},"end":{"line":69,"column":45}},"31":{"start":{"line":70,"column":4},"end":{"line":73,"column":7}},"32":{"start":{"line":75,"column":0},"end":{"line":83,"column":1}},"33":{"start":{"line":76,"column":2},"end":{"line":78,"column":4}},"34":{"start":{"line":77,"column":4},"end":{"line":77,"column":63}},"35":{"start":{"line":79,"column":7},"end":{"line":83,"column":1}},"36":{"start":{"line":80,"column":2},"end":{"line":82,"column":4}},"37":{"start":{"line":81,"column":4},"end":{"line":81,"column":59}},"38":{"start":{"line":85,"column":4},"end":{"line":87,"column":5}},"39":{"start":{"line":86,"column":6},"end":{"line":86,"column":51}},"40":{"start":{"line":89,"column":4},"end":{"line":89,"column":77}},"41":{"start":{"line":91,"column":4},"end":{"line":91,"column":71}},"42":{"start":{"line":95,"column":0},"end":{"line":95,"column":44}}},"fnMap":{"0":{"name":"(anonymous_0)","decl":{"start":{"line":12,"column":14},"end":{"line":12,"column":15}},"loc":{"start":{"line":12,"column":22},"end":{"line":12,"column":35}},"line":12},"1":{"name":"(anonymous_1)","decl":{"start":{"line":16,"column":24},"end":{"line":16,"column":25}},"loc":{"start":{"line":16,"column":43},"end":{"line":27,"column":1}},"line":16},"2":{"name":"(anonymous_2)","decl":{"start":{"line":30,"column":21},"end":{"line":30,"column":22}},"loc":{"start":{"line":30,"column":52},"end":{"line":93,"column":1}},"line":30},"3":{"name":"(anonymous_3)","decl":{"start":{"line":76,"column":41},"end":{"line":76,"column":42}},"loc":{"start":{"line":77,"column":4},"end":{"line":77,"column":63}},"line":77},"4":{"name":"(anonymous_4)","decl":{"start":{"line":80,"column":37},"end":{"line":80,"column":38}},"loc":{"start":{"line":81,"column":4},"end":{"line":81,"column":59}},"line":81}},"branchMap":{"0":{"loc":{"start":{"line":20,"column":6},"end":{"line":20,"column":40}},"type":"if","locations":[{"start":{"line":20,"column":6},"end":{"line":20,"column":40}},{"start":{},"end":{}}],"line":20},"1":{"loc":{"start":{"line":22,"column":6},"end":{"line":24,"column":7}},"type":"if","locations":[{"start":{"line":22,"column":6},"end":{"line":24,"column":7}},{"start":{},"end":{}}],"line":22},"2":{"loc":{"start":{"line":34,"column":2},"end":{"line":34,"column":42}},"type":"if","locations":[{"start":{"line":34,"column":2},"end":{"line":34,"column":42}},{"start":{},"end":{}}],"line":34},"3":{"loc":{"start":{"line":52,"column":4},"end":{"line":66,"column":5}},"type":"if","locations":[{"start":{"line":52,"column":4},"end":{"line":66,"column":5}},{"start":{},"end":{}}],"line":52},"4":{"loc":{"start":{"line":52,"column":8},"end":{"line":52,"column":64}},"type":"binary-expr","locations":[{"start":{"line":52,"column":8},"end":{"line":52,"column":36}},{"start":{"line":52,"column":40},"end":{"line":52,"column":64}}],"line":52},"5":{"loc":{"start":{"line":75,"column":0},"end":{"line":83,"column":1}},"type":"if","locations":[{"start":{"line":75,"column":0},"end":{"line":83,"column":1}},{"start":{"line":79,"column":7},"end":{"line":83,"column":1}}],"line":75},"6":{"loc":{"start":{"line":79,"column":7},"end":{"line":83,"column":1}},"type":"if","locations":[{"start":{"line":79,"column":7},"end":{"line":83,"column":1}},{"start":{},"end":{}}],"line":79},"7":{"loc":{"start":{"line":85,"column":4},"end":{"line":87,"column":5}},"type":"if","locations":[{"start":{"line":85,"column":4},"end":{"line":87,"column":5}},{"start":{},"end":{}}],"line":85}},"s":{"0":3,"1":3,"2":3,"3":3,"4":3,"5":3,"6":3,"7":3,"8":3,"9":0,"10":3,"11":4,"12":4,"13":24,"14":24,"15":0,"16":24,"17":6,"18":3,"19":6,"20":6,"21":2,"22":4,"23":4,"24":4,"25":4,"26":4,"27":4,"28":4,"29":4,"30":4,"31":4,"32":4,"33":2,"34":0,"35":2,"36":2,"37":0,"38":4,"39":0,"40":4,"41":0,"42":3},"f":{"0":0,"1":4,"2":6,"3":0,"4":0},"b":{"0":[0,24],"1":[6,18],"2":[2,4],"3":[4,0],"4":[4,2],"5":[2,2],"6":[2,0],"7":[0,4]},"_coverageSchema":"1a1c01bbd47fc00a2c39e90264f33305004495a9","hash":"cc2660405a400e770b386eeeb85e76f66c26dabb"}
,"D:\\Pulse_Ops\\backend\\services\\anomalyProcessor.js": {"path":"D:\\Pulse_Ops\\backend\\services\\anomalyProcessor.js","statementMap":{"0":{"start":{"line":2,"column":17},"end":{"line":2,"column":44}},"1":{"start":{"line":3,"column":17},"end":{"line":3,"column":46}},"2":{"start":{"line":4,"column":31},"end":{"line":4,"column":59}},"3":{"start":{"line":5,"column":30},"end":{"line":5,"column":57}},"4":{"start":{"line":7,"column":10},"end":{"line":7,"column":14}},"5":{"start":{"line":9,"column":14},"end":{"line":9,"column":35}},"6":{"start":{"line":9,"column":24},"end":{"line":9,"column":33}},"7":{"start":{"line":13,"column":25},"end":{"line":13,"column":34}},"8":{"start":{"line":14,"column":29},"end":{"line":14,"column":43}},"9":{"start":{"line":16,"column":29},"end":{"line":20,"column":1}},"10":{"start":{"line":17,"column":15},"end":{"line":17,"column":41}},"11":{"start":{"line":18,"column":2},"end":{"line":18,"column":26}},"12":{"start":{"line":18,"column":13},"end":{"line":18,"column":26}},"13":{"start":{"line":19,"column":2},"end":{"line":19,"column":50}},"14":{"start":{"line":22,"column":28},"end":{"line":24,"column":1}},"15":{"start":{"line":23,"column":2},"end":{"line":23,"column":41}},"16":{"start":{"line":27,"column":25},"end":{"line":124,"column":1}},"17":{"start":{"line":28,"column":2},"end":{"line":28,"column":57}},"18":{"start":{"line":28,"column":50},"end":{"line":28,"column":57}},"19":{"start":{"line":31,"column":19},"end":{"line":31,"column":57}},"20":{"start":{"line":33,"column":2},"end":{"line":36,"column":3}},"21":{"start":{"line":34,"column":4},"end":{"line":34,"column":64}},"22":{"start":{"line":35,"column":4},"end":{"line":35,"column":11}},"23":{"start":{"line":38,"column":22},"end":{"line":38,"column":24}},"24":{"start":{"line":39,"column":23},"end":{"line":39,"column":25}},"25":{"start":{"line":41,"column":2},"end":{"line":97,"column":3}},"26":{"start":{"line":41,"column":15},"end":{"line":41,"column":16}},"27":{"start":{"line":42,"column":22},"end":{"line":42,"column":37}},"28":{"start":{"line":43,"column":22},"end":{"line":43,"column":41}},"29":{"start":{"line":45,"column":4},"end":{"line":45,"column":27}},"30":{"start":{"line":45,"column":18},"end":{"line":45,"column":27}},"31":{"start":{"line":48,"column":4},"end":{"line":58,"column":7}},"32":{"start":{"line":61,"column":4},"end":{"line":96,"column":5}},"33":{"start":{"line":66,"column":6},"end":{"line":66,"column":39}},"34":{"start":{"line":68,"column":23},"end":{"line":88,"column":8}},"35":{"start":{"line":90,"column":6},"end":{"line":90,"column":34}},"36":{"start":{"line":92,"column":6},"end":{"line":95,"column":8}},"37":{"start":{"line":99,"column":0},"end":{"line":100,"column":70}},"38":{"start":{"line":100,"column":16},"end":{"line":100,"column":68}},"39":{"start":{"line":103,"column":2},"end":{"line":105,"column":3}},"40":{"start":{"line":104,"column":4},"end":{"line":104,"column":36}},"41":{"start":{"line":108,"column":2},"end":{"line":123,"column":3}},"42":{"start":{"line":110,"column":28},"end":{"line":115,"column":7}},"43":{"start":{"line":110,"column":56},"end":{"line":115,"column":5}},"44":{"start":{"line":117,"column":4},"end":{"line":117,"column":43}},"45":{"start":{"line":120,"column":4},"end":{"line":122,"column":7}},"46":{"start":{"line":121,"column":6},"end":{"line":121,"column":40}},"47":{"start":{"line":126,"column":0},"end":{"line":126,"column":45}}},"fnMap":{"0":{"name":"(anonymous_0)","decl":{"start":{"line":9,"column":14},"end":{"line":9,"column":15}},"loc":{"start":{"line":9,"column":22},"end":{"line":9,"column":35}},"line":9},"1":{"name":"(anonymous_1)","decl":{"start":{"line":16,"column":29},"end":{"line":16,"column":30}},"loc":{"start":{"line":16,"column":39},"end":{"line":20,"column":1}},"line":16},"2":{"name":"(anonymous_2)","decl":{"start":{"line":22,"column":28},"end":{"line":22,"column":29}},"loc":{"start":{"line":22,"column":38},"end":{"line":24,"column":1}},"line":22},"3":{"name":"(anonymous_3)","decl":{"start":{"line":27,"column":25},"end":{"line":27,"column":26}},"loc":{"start":{"line":27,"column":49},"end":{"line":124,"column":1}},"line":27},"4":{"name":"(anonymous_4)","decl":{"start":{"line":100,"column":9},"end":{"line":100,"column":10}},"loc":{"start":{"line":100,"column":16},"end":{"line":100,"column":68}},"line":100},"5":{"name":"(anonymous_5)","decl":{"start":{"line":110,"column":45},"end":{"line":110,"column":46}},"loc":{"start":{"line":110,"column":56},"end":{"line":115,"column":5}},"line":110},"6":{"name":"(anonymous_6)","decl":{"start":{"line":120,"column":25},"end":{"line":120,"column":26}},"loc":{"start":{"line":120,"column":34},"end":{"line":122,"column":5}},"line":120}},"branchMap":{"0":{"loc":{"start":{"line":18,"column":2},"end":{"line":18,"column":26}},"type":"if","locations":[{"start":{"line":18,"column":2},"end":{"line":18,"column":26}},{"start":{},"end":{}}],"line":18},"1":{"loc":{"start":{"line":28,"column":2},"end":{"line":28,"column":57}},"type":"if","locations":[{"start":{"line":28,"column":2},"end":{"line":28,"column":57}},{"start":{},"end":{}}],"line":28},"2":{"loc":{"start":{"line":28,"column":6},"end":{"line":28,"column":48}},"type":"binary-expr","locations":[{"start":{"line":28,"column":6},"end":{"line":28,"column":19}},{"start":{"line":28,"column":23},"end":{"line":28,"column":48}}],"line":28},"3":{"loc":{"start":{"line":33,"column":2},"end":{"line":36,"column":3}},"type":"if","locations":[{"start":{"line":33,"column":2},"end":{"line":36,"column":3}},{"start":{},"end":{}}],"line":33},"4":{"loc":{"start":{"line":33,"column":6},"end":{"line":33,"column":36}},"type":"binary-expr","locations":[{"start":{"line":33,"column":6},"end":{"line":33,"column":15}},{"start":{"line":33,"column":19},"end":{"line":33,"column":36}}],"line":33},"5":{"loc":{"start":{"line":45,"column":4},"end":{"line":45,"column":27}},"type":"if","locations":[{"start":{"line":45,"column":4},"end":{"line":45,"column":27}},{"start":{},"end":{}}],"line":45},"6":{"loc":{"start":{"line":61,"column":4},"end":{"line":96,"column":5}},"type":"if","locations":[{"start":{"line":61,"column":4},"end":{"line":96,"column":5}},{"start":{},"end":{}}],"line":61},"7":{"loc":{"start":{"line":62,"column":6},"end":{"line":64,"column":40}},"type":"binary-expr","locations":[{"start":{"line":62,"column":6},"end":{"line":62,"column":24}},{"start":{"line":63,"column":7},"end":{"line":63,"column":38}},{"start":{"line":63,"column":42},"end":{"line":63,"column":69}},{"start":{"line":64,"column":6},"end":{"line":64,"column":40}}],"line":62},"8":{"loc":{"start":{"line":103,"column":2},"end":{"line":105,"column":3}},"type":"if","locations":[{"start":{"line":103,"column":2},"end":{"line":105,"column":3}},{"start":{},"end":{}}],"line":103},"9":{"loc":{"start":{"line":108,"column":2},"end":{"line":123,"column":3}},"type":"if","locations":[{"start":{"line":108,"column":2},"end":{"line":123,"column":3}},{"start":{},"end":{}}],"line":108},"10":{"loc":{"start":{"line":112,"column":20},"end":{"line":112,"column":62}},"type":"binary-expr","locations":[{"start":{"line":112,"column":20},"end":{"line":112,"column":54}},{"start":{"line":112,"column":58},"end":{"line":112,"column":62}}],"line":112},"11":{"loc":{"start":{"line":113,"column":20},"end":{"line":113,"column":63}},"type":"binary-expr","locations":[{"start":{"line":113,"column":20},"end":{"line":113,"column":51}},{"start":{"line":113,"column":58},"end":{"line":113,"column":63}}],"line":113},"12":{"loc":{"start":{"line":114,"column":20},"end":{"line":114,"column":66}},"type":"binary-expr","locations":[{"start":{"line":114,"column":20},"end":{"line":114,"column":49}},{"start":{"line":114,"column":58},"end":{"line":114,"column":66}}],"line":114}},"s":{"0":2,"1":2,"2":2,"3":2,"4":2,"5":2,"6":0,"7":2,"8":2,"9":2,"10":0,"11":0,"12":0,"13":0,"14":2,"15":0,"16":2,"17":0,"18":0,"19":0,"20":0,"21":0,"22":0,"23":0,"24":0,"25":0,"26":0,"27":0,"28":0,"29":0,"30":0,"31":0,"32":0,"33":0,"34":0,"35":0,"36":0,"37":0,"38":0,"39":0,"40":0,"41":0,"42":0,"43":0,"44":0,"45":0,"46":0,"47":2},"f":{"0":0,"1":0,"2":0,"3":0,"4":0,"5":0,"6":0},"b":{"0":[0,0],"1":[0,0],"2":[0,0],"3":[0,0],"4":[0,0],"5":[0,0],"6":[0,0],"7":[0,0,0,0],"8":[0,0],"9":[0,0],"10":[0,0],"11":[0,0],"12":[0,0]},"_coverageSchema":"1a1c01bbd47fc00a2c39e90264f33305004495a9","hash":"4c3f8114cd7b66ad819bb0b8d217c4dfd4f937ae"}
[...]
end":{"line":46,"column":66}},"type":"default-arg","locations":[{"start":{"line":46,"column":62},"end":{"line":46,"column":66}}],"line":46},"3":{"loc":{"start":{"line":56,"column":2},"end":{"line":56,"column":54}},"type":"if","locations":[{"start":{"line":56,"column":2},"end":{"line":56,"column":54}},{"start":{},"end":{}}],"line":56},"4":{"loc":{"start":{"line":60,"column":47},"end":{"line":60,"column":58}},"type":"default-arg","locations":[{"start":{"line":60,"column":57},"end":{"line":60,"column":58}}],"line":60},"5":{"loc":{"start":{"line":62,"column":2},"end":{"line":65,"column":3}},"type":"if","locations":[{"start":{"line":62,"column":2},"end":{"line":65,"column":3}},{"start":{},"end":{}}],"line":62},"6":{"loc":{"start":{"line":62,"column":6},"end":{"line":62,"column":34}},"type":"binary-expr","locations":[{"start":{"line":62,"column":6},"end":{"line":62,"column":12}},{"start":{"line":62,"column":16},"end":{"line":62,"column":34}}],"line":62},"7":{"loc":{"start":{"line":74,"column":59},"end":{"line":74,"column":70}},"type":"default-arg","locations":[{"start":{"line":74,"column":69},"end":{"line":74,"column":70}}],"line":74},"8":{"loc":{"start":{"line":100,"column":6},"end":{"line":105,"column":7}},"type":"if","locations":[{"start":{"line":100,"column":6},"end":{"line":105,"column":7}},{"start":{},"end":{}}],"line":100},"9":{"loc":{"start":{"line":101,"column":27},"end":{"line":101,"column":52}},"type":"binary-expr","locations":[{"start":{"line":101,"column":27},"end":{"line":101,"column":47}},{"start":{"line":101,"column":51},"end":{"line":101,"column":52}}],"line":101},"10":{"loc":{"start":{"line":155,"column":20},"end":{"line":155,"column":41}},"type":"binary-expr","locations":[{"start":{"line":155,"column":20},"end":{"line":155,"column":33}},{"start":{"line":155,"column":37},"end":{"line":155,"column":41}}],"line":155},"11":{"loc":{"start":{"line":156,"column":20},"end":{"line":158,"column":12}},"type":"cond-expr","locations":[{"start":{"line":157,"column":8},"end":{"line":157,"column":57}},{"start":{"line":158,"column":8},"end":{"line":158,"column":12}}],"line":156},"12":{"loc":{"start":{"line":169,"column":20},"end":{"line":169,"column":41}},"type":"binary-expr","locations":[{"start":{"line":169,"column":20},"end":{"line":169,"column":33}},{"start":{"line":169,"column":37},"end":{"line":169,"column":41}}],"line":169}},"s":{"0":2,"1":2,"2":2,"3":2,"4":2,"5":2,"6":2,"7":2,"8":2,"9":0,"10":0,"11":0,"12":2,"13":0,"14":0,"15":0,"16":0,"17":0,"18":0,"19":2,"20":0,"21":0,"22":0,"23":0,"24":0,"25":0,"26":0,"27":0,"28":0,"29":0,"30":0,"31":0,"32":0,"33":0,"34":0,"35":0,"36":0,"37":0,"38":0,"39":2,"40":0,"41":2,"42":0,"43":2,"44":0,"45":2,"46":0,"47":2,"48":0,"49":2,"50":0,"51":2,"52":0,"53":2},"f":{"0":0,"1":0,"2":0,"3":0,"4":0,"5":0,"6":0,"7":0,"8":0,"9":0,"10":0,"11":0},"b":{"0":[2,2],"1":[2,2],"2":[0],"3":[0,0],"4":[0],"5":[0,0],"6":[0,0],"7":[0],"8":[0,0],"9":[0,0],"10":[0,0],"11":[0,0],"12":[0,0]},"_coverageSchema":"1a1c01bbd47fc00a2c39e90264f33305004495a9","hash":"ffa3f328a20569731e539672ef175413ed235b5d"}
,"D:\\Pulse_Ops\\backend\\services\\rca\\contextBuilder.js": {"path":"D:\\Pulse_Ops\\backend\\services\\rca\\contextBuilder.js","statementMap":{"0":{"start":{"line":2,"column":17},"end":{"line":2,"column":47}},"1":{"start":{"line":3,"column":17},"end":{"line":3,"column":46}},"2":{"start":{"line":4,"column":17},"end":{"line":4,"column":49}},"3":{"start":{"line":7,"column":24},"end":{"line":107,"column":1}},"4":{"start":{"line":8,"column":19},"end":{"line":10,"column":41}},"5":{"start":{"line":12,"column":2},"end":{"line":12,"column":55}},"6":{"start":{"line":12,"column":17},"end":{"line":12,"column":55}},"7":{"start":{"line":14,"column":24},"end":{"line":17,"column":3}},"8":{"start":{"line":20,"column":23},"end":{"line":25,"column":3}},"9":{"start":{"line":26,"column":2},"end":{"line":26,"column":55}},"10":{"start":{"line":26,"column":21},"end":{"line":26,"column":55}},"11":{"start":{"line":28,"column":18},"end":{"line":30,"column":14}},"12":{"start":{"line":33,"column":17},"end":{"line":39,"column":27}},"13":{"start":{"line":42,"column":20},"end":{"line":42,"column":24}},"14":{"start":{"line":43,"column":2},"end":{"line":74,"column":3}},"15":{"start":{"line":44,"column":25},"end":{"line":44,"column":50}},"16":{"start":{"line":44,"column":44},"end":{"line":44,"column":49}},"17":{"start":{"line":45,"column":25},"end":{"line":45,"column":53}},"18":{"start":{"line":45,"column":44},"end":{"line":45,"column":52}},"19":{"start":{"line":46,"column":25},"end":{"line":46,"column":51}},"20":{"start":{"line":46,"column":44},"end":{"line":46,"column":50}},"21":{"start":{"line":47,"column":25},"end":{"line":47,"column":59}},"22":{"start":{"line":47,"column":47},"end":{"line":47,"column":58}},"23":{"start":{"line":49,"column":4},"end":{"line":73,"column":6}},"24":{"start":{"line":71,"column":43},"end":{"line":71,"column":62}},"25":{"start":{"line":77,"column":19},"end":{"line":81,"column":5}},"26":{"start":{"line":77,"column":49},"end":{"line":81,"column":3}},"27":{"start":{"line":83,"column":2},"end":{"line":106,"column":4}},"28":{"start":{"line":95,"column":31},"end":{"line":101,"column":5}},"29":{"start":{"line":109,"column":16},"end":{"line":109,"column":68}},"30":{"start":{"line":109,"column":25},"end":{"line":109,"column":68}},"31":{"start":{"line":109,"column":46},"end":{"line":109,"column":51}},"32":{"start":{"line":111,"column":0},"end":{"line":111,"column":37}}},"fnMap":{"0":{"name":"(anonymous_0)","decl":{"start":{"line":7,"column":24},"end":{"line":7,"column":25}},"loc":{"start":{"line":7,"column":46},"end":{"line":107,"column":1}},"line":7},"1":{"name":"(anonymous_1)","decl":{"start":{"line":44,"column":37},"end":{"line":44,"column":38}},"loc":{"start":{"line":44,"column":44},"end":{"line":44,"column":49}},"line":44},"2":{"name":"(anonymous_2)","decl":{"start":{"line":45,"column":37},"end":{"line":45,"column":38}},"loc":{"start":{"line":45,"column":44},"end":{"line":45,"column":52}},"line":45},"3":{"name":"(anonymous_3)","decl":{"start":{"line":46,"column":37},"end":{"line":46,"column":38}},"loc":{"start":{"line":46,"column":44},"end":{"line":46,"column":50}},"line":46},"4":{"name":"(anonymous_4)","decl":{"start":{"line":47,"column":40},"end":{"line":47,"column":41}},"loc":{"start":{"line":47,"column":47},"end":{"line":47,"column":58}},"line":47},"5":{"name":"(anonymous_5)","decl":{"start":{"line":71,"column":36},"end":{"line":71,"column":37}},"loc":{"start":{"line":71,"column":43},"end":{"line":71,"column":62}},"line":71},"6":{"name":"(anonymous_6)","decl":{"start":{"line":77,"column":41},"end":{"line":77,"column":42}},"loc":{"start":{"line":77,"column":49},"end":{"line":81,"column":3}},"line":77},"7":{"name":"(anonymous_7)","decl":{"start":{"line":95,"column":23},"end":{"line":95,"column":24}},"loc":{"start":{"line":95,"column":31},"end":{"line":101,"column":5}},"line":95},"8":{"name":"(anonymous_8)","decl":{"start":{"line":109,"column":16},"end":{"line":109,"column":17}},"loc":{"start":{"line":109,"column":25},"end":{"line":109,"column":68}},"line":109},"9":{"name":"(anonymous_9)","decl":{"start":{"line":109,"column":36},"end":{"line":109,"column":37}},"loc":{"start":{"line":109,"column":46},"end":{"line":109,"column":51}},"line":109}},"branchMap":{"0":{"loc":{"start":{"line":12,"column":2},"end":{"line":12,"column":55}},"type":"if","locations":[{"start":{"line":12,"column":2},"end":{"line":12,"column":55}},{"start":{},"end":{}}],"line":12},"1":{"loc":{"start":{"line":26,"column":2},"end":{"line":26,"column":55}},"type":"if","locations":[{"start":{"line":26,"column":2},"end":{"line":26,"column":55}},{"start":{},"end":{}}],"line":26},"2":{"loc":{"start":{"line":38,"column":8},"end":{"line":38,"column":52}},"type":"cond-expr","locations":[{"start":{"line":38,"column":24},"end":{"line":38,"column":47}},{"start":{"line":38,"column":50},"end":{"line":38,"column":52}}],"line":38},"3":{"loc":{"start":{"line":43,"column":2},"end":{"line":74,"column":3}},"type":"if","locations":[{"start":{"line":43,"column":2},"end":{"line":74,"column":3}},{"start":{},"end":{}}],"line":43},"4":{"loc":{"start":{"line":67,"column":23},"end":{"line":69,"column":11}},"type":"cond-expr","locations":[{"start":{"line":68,"column":10},"end":{"line":68,"column":64}},{"start":{"line":69,"column":10},"end":{"line":69,"column":11}}],"line":67},"5":{"loc":{"start":{"line":70,"column":24},"end":{"line":72,"column":14}},"type":"cond-expr","locations":[{"start":{"line":71,"column":10},"end":{"line":71,"column":75}},{"start":{"line":72,"column":10},"end":{"line":72,"column":14}}],"line":70},"6":{"loc":{"start":{"line":71,"column":43},"end":{"line":71,"column":62}},"type":"binary-expr","locations":[{"start":{"line":71,"column":43},"end":{"line":71,"column":57}},{"start":{"line":71,"column":61},"end":{"line":71,"column":62}}],"line":71},"7":{"loc":{"start":{"line":79,"column":13},"end":{"line":79,"column":40}},"type":"binary-expr","locations":[{"start":{"line":79,"column":13},"end":{"line":79,"column":28}},{"start":{"line":79,"column":32},"end":{"line":79,"column":40}}],"line":79}},"s":{"0":3,"1":3,"2":3,"3":3,"4":0,"5":0,"6":0,"7":0,"8":0,"9":0,"10":0,"11":0,"12":0,"13":0,"14":0,"15":0,"16":0,"17":0,"18":0,"19":0,"20":0,"21":0,"22":0,"23":0,"24":0,"25":0,"26":0,"27":0,"28":0,"29":3,"30":0,"31":0,"32":3},"f":{"0":0,"1":0,"2":0,"3":0,"4":0,"5":0,"6":0,"7":0,"8":0,"9":0},"b":{"0":[0,0],"1":[0,0],"2":[0,0],"3":[0,0],"4":[0,0],"5":[0,0],"6":[0,0],"7":[0,0]},"_coverageSchema":"1a1c01bbd47fc00a2c39e90264f33305004495a9","hash":"4c3d0c4f93209cf0a5f26ee1a95215d36c06cfd6"}
,"D:\\Pulse_Ops\\backend\\services\\rca\\promptBuilder.js": {"path":"D:\\Pulse_Ops\\backend\\services\\rca\\promptBuilder.js","statementMap":{"0":{"start":{"line":3,"column":22},"end":{"line":23,"column":2}},"1":{"start":{"line":25,"column":23},"end":{"line":91,"column":1}},"2":{"start":{"line":33,"column":6},"end":{"line":33,"column":13}},"3":{"start":{"line":35,"column":15},"end":{"line":35,"column":93}},"4":{"start":{"line":38,"column":2},"end":{"line":38,"column":28}},"5":{"start":{"line":39,"column":2},"end":{"line":39,"column":41}},"6":{"start":{"line":40,"column":2},"end":{"line":40,"column":72}},"7":{"start":{"line":41,"column":2},"end":{"line":41,"column":61}},"8":{"start":{"line":42,"column":2},"end":{"line":42,"column":52}},"9":{"start":{"line":43,"column":2},"end":{"line":43,"column":43}},"10":{"start":{"line":44,"column":2},"end":{"line":44,"column":71}},"11":{"start":{"line":45,"column":2},"end":{"line":49,"column":3}},"12":{"start":{"line":46,"column":23},"end":{"line":46,"column":83}},"13":{"start":{"line":47,"column":24},"end":{"line":47,"column":54}},"14":{"start":{"line":48,"column":4},"end":{"line":48,"column":101}},"15":{"start":{"line":50,"column":2},"end":{"line":50,"column":17}},"16":{"start":{"line":53,"column":2},"end":{"line":66,"column":3}},"17":{"start":{"line":54,"column":4},"end":{"line":54,"column":68}},"18":{"start":{"line":55,"column":4},"end":{"line":55,"column":61}},"19":{"start":{"line":56,"column":4},"end":{"line":56,"column":116}},"20":{"start":{"line":57,"column":4},"end":{"line":57,"column":125}},"21":{"start":{"line":58,"column":4},"end":{"line":58,"column":119}},"22":{"start":{"line":59,"column":4},"end":{"line":59,"column":139}},"23":{"start":{"line":60,"column":4},"end":{"line":62,"column":5}},"24":{"start":{"line":61,"column":6},"end":{"line":61,"column":72}},"25":{"start":{"line":63,"column":4},"end":{"line":63,"column":19}},"26":{"start":{"line":65,"column":4},"end":{"line":65,"column":89}},"27":{"start":{"line":69,"column":2},"end":{"line":77,"column":3}},"28":{"start":{"line":70,"column":4},"end":{"line":70,"column":59}},"29":{"start":{"line":71,"column":4},"end":{"line":73,"column":7}},"30":{"start":{"line":72,"column":6},"end":{"line":72,"column":181}},"31":{"start":{"line":74,"column":4},"end":{"line":74,"column":19}},"32":{"start":{"line":76,"column":4},"end":{"line":76,"column":83}},"33":{"start":{"line":80,"column":2},"end":{"line":86,"column":3}},"34":{"start":{"line":81,"column":4},"end":{"line":81,"column":44}},"35":{"start":{"line":82,"column":4},"end":{"line":84,"column":7}},"36":{"start":{"line":83,"column":6},"end":{"line":83,"column":83}},"37":{"start":{"line":85,"column":4},"end":{"line":85,"column":19}},"38":{"start":{"line":88,"column":2},"end":{"line":88,"column":100}},"39":{"start":{"line":90,"column":2},"end":{"line":90,"column":16}},"40":{"start":{"line":93,"column":0},"end":{"line":93,"column":51}}},"fnMap":{"0":{"name":"(anonymous_0)","decl":{"start":{"line":25,"column":23},"end":{"line":25,"column":24}},"loc":{"start":{"line":25,"column":36},"end":{"line":91,"column":1}},"line":25},"1":{"name":"(anonymous_1)","decl":{"start":{"line":71,"column":32},"end":{"line":71,"column":33}},"loc":{"start":{"line":71,"column":42},"end":{"line":73,"column":5}},"line":71},"2":{"name":"(anonymous_2)","decl":{"start":{"line":82,"column":21},"end":{"line":82,"column":22}},"loc":{"start":{"line":82,"column":31},"end":{"line":84,"column":5}},"line":82}},"branchMap":{"0":{"loc":{"start":{"line":40,"column":28},"end":{"line":40,"column":67}},"type":"binary-expr","locations":[{"start":{"line":40,"column":28},"end":{"line":40,"column":48}},{"start":{"line":40,"column":52},"end":{"line":40,"column":67}}],"line":40},"1":{"loc":{"start":{"line":42,"column":21},"end":{"line":42,"column":47}},"type":"binary-expr","locations":[{"start":{"line":42,"column":21},"end":{"line":42,"column":34}},{"start":{"line":42,"column":38},"end":{"line":42,"column":47}}],"line":42},"2":{"loc":{"start":{"line":45,"column":2},"end":{"line":49,"column":3}},"type":"if","locations":[{"start":{"line":45,"column":2},"end":{"line":49,"column":3}},{"start":{},"end":{}}],"line":45},"3":{"loc":{"start":{"line":53,"column":2},"end":{"line":66,"column":3}},"type":"if","locations":[{"start":{"line":53,"column":2},"end":{"line":66,"column":3}},{"start":{"line":64,"column":9},"end":{"line":66,"column":3}}],"line":53},"4":{"loc":{"start":{"line":60,"column":4},"end":{"line":62,"column":5}},"type":"if","locations":[{"start":{"line":60,"column":4},"end":{"line":62,"column":5}},{"start":{},"end":{}}],"line":60},"5":{"loc":{"start":{"line":69,"column":2},"end":{"line":77,"column":3}},"type":"if","locations":[{"start":{"line":69,"column":2},"end":{"line":77,"column":3}},{"start":{"line":75,"column":9},"end":{"line":77,"column":3}}],"line":69},"6":{"loc":{"start":{"line":80,"column":2},"end":{"line":86,"column":3}},"type":"if","locations":[{"start":{"line":80,"column":2},"end":{"line":86,"column":3}},{"start":{},"end":{}}],"line":80}},"s":{"0":3,"1":3,"2":0,"3":0,"4":0,"5":0,"6":0,"7":0,"8":0,"9":0,"10":0,"11":0,"12":0,"13":0,"14":0,"15":0,"16":0,"17":0,"18":0,"19":0,"20":0,"21":0,"22":0,"23":0,"24":0,"25":0,"26":0,"27":0,"28":0,"29":0,"30":0,"31":0,"32":0,"33":0,"34":0,"35":0,"36":0,"37":0,"38":0,"39":0,"40":3},"f":{"0":0,"1":0,"2":0},"b":{"0":[0,0],"1":[0,0],"2":[0,0],"3":[0,0],"4":[0,0],"5":[0,0],"6":[0,0]},"_coverageSchema":"1a1c01bbd47fc00a2c39e90264f33305004495a9","hash":"a8b10d0a33c32c45da2cfa92ad428222e0082e17"}
,"D:\\Pulse_Ops\\backend\\services\\rca\\rcaService.js": {"path":"D:\\Pulse_Ops\\backend\\services\\rca\\rcaService.js","statementMap":{"0":{"start":{"line":2,"column":40},"end":{"line":2,"column":72}},"1":{"start":{"line":3,"column":40},"end":{"line":3,"column":73}},"2":{"start":{"line":4,"column":40},"end":{"line":4,"column":67}},"3":{"start":{"line":5,"column":42},"end":{"line":5,"column":68}},"4":{"start":{"line":8,"column":20},"end":{"line":76,"column":1}},"5":{"start":{"line":10,"column":2},"end":{"line":10,"column":67}},"6":{"start":{"line":11,"column":18},"end":{"line":11,"column":51}},"7":{"start":{"line":14,"column":21},"end":{"line":14,"column":44}},"8":{"start":{"line":17,"column":2},"end":{"line":17,"column":43}},"9":{"start":{"line":18,"column":14},"end":{"line":22,"column":3}},"10":{"start":{"line":26,"column":2},"end":{"line":44,"column":3}},"11":{"start":{"line":28,"column":18},"end":{"line":31,"column":13}},"12":{"start":{"line":32,"column":4},"end":{"line":32,"column":31}},"13":{"start":{"line":34,"column":4},"end":{"line":34,"column":71}},"14":{"start":{"line":36,"column":4},"end":{"line":43,"column":6}},"15":{"start":{"line":47,"column":14},"end":{"line":60,"column":3}},"16":{"start":{"line":62,"column":2},"end":{"line":62,"column":66}},"17":{"start":{"line":65,"column":2},"end":{"line":72,"column":5}},"18":{"start":{"line":74,"column":2},"end":{"line":74,"column":96}},"19":{"start":{"line":75,"column":2},"end":{"line":75,"column":13}},"20":{"start":{"line":79,"column":15},"end":{"line":83,"column":1}},"21":{"start":{"line":80,"column":19},"end":{"line":80,"column":88}},"22":{"start":{"line":81,"column":2},"end":{"line":81,"column":55}},"23":{"start":{"line":81,"column":17},"end":{"line":81,"column":55}},"24":{"start":{"line":82,"column":2},"end":{"line":82,"column":30}},"25":{"start":{"line":85,"column":0},"end":{"line":85,"column":41}}},"fnMap":{"0":{"name":"(anonymous_0)","decl":{"start":{"line":8,"column":20},"end":{"line":8,"column":21}},"loc":{"start":{"line":8,"column":42},"end":{"line":76,"column":1}},"line":8},"1":{"name":"(anonymous_1)","decl":{"start":{"line":79,"column":15},"end":{"line":79,"column":16}},"loc":{"start":{"line":79,"column":37},"end":{"line":83,"column":1}},"line":79}},"branchMap":{"0":{"loc":{"start":{"line":21,"column":4},"end":{"line":21,"column":51}},"type":"binary-expr","locations":[{"start":{"line":21,"column":4},"end":{"line":21,"column":43}},{"start":{"line":21,"column":47},"end":{"line":21,"column":51}}],"line":21},"1":{"loc":{"start":{"line":48,"column":22},"end":{"line":48,"column":51}},"type":"binary-expr","locations":[{"start":{"line":48,"column":22},"end":{"line":48,"column":36}},{"start":{"line":48,"column":49},"end":{"line":48,"column":51}}],"line":48},"2":{"loc":{"start":{"line":49,"column":22},"end":{"line":49,"column":51}},"type":"binary-expr","locations":[{"start":{"line":49,"column":22},"end":{"line":49,"column":38}},{"start":{"line":49,"column":49},"end":{"line":49,"column":51}}],"line":49},"3":{"loc":{"start":{"line":50,"column":22},"end":{"line":50,"column":51}},"type":"binary-expr","locations":[{"start":{"line":50,"column":22},"end":{"line":50,"column":35}},{"start":{"line":50,"column":49},"end":{"line":50,"column":51}}],"line":50},"4":{"loc":{"start":{"line":51,"column":22},"end":{"line":51,"column":51}},"type":"binary-expr","locations":[{"start":{"line":51,"column":22},"end":{"line":51,"column":44}},{"start":{"line":51,"column":49},"end":{"line":51,"column":51}}],"line":51},"5":{"loc":{"start":{"line":52,"column":22},"end":{"line":52,"column":54}},"type":"binary-expr","locations":[{"start":{"line":52,"column":22},"end":{"line":52,"column":39}},{"start":{"line":52,"column":49},"end":{"line":52,"column":54}}],"line":52},"6":{"loc":{"start":{"line":53,"column":22},"end":{"line":53,"column":51}},"type":"binary-expr","locations":[{"start":{"line":53,"column":22},"end":{"line":53,"column":45}},{"start":{"line":53,"column":49},"end":{"line":53,"column":51}}],"line":53},"7":{"loc":{"start":{"line":81,"column":2},"end":{"line":81,"column":55}},"type":"if","locations":[{"start":{"line":81,"column":2},"end":{"line":81,"column":55}},{"start":{},"end":{}}],"line":81},"8":{"loc":{"start":{"line":82,"column":9},"end":{"line":82,"column":29}},"type":"binary-expr","locations":[{"start":{"line":82,"column":9},"end":{"line":82,"column":21}},{"start":{"line":82,"column":25},"end":{"line":82,"column":29}}],"line":82}},"s":{"0":3,"1":3,"2":3,"3":3,"4":3,"5":0,"6":0,"7":0,"8":0,"9":0,"10":0,"11":0,"12":0,"13":0,"14":0,"15":0,"16":0,"17":0,"18":0,"19":0,"20":3,"21":0,"22":0,"23":0,"24":0,"25":3},"f":{"0":0,"1":0},"b":{"0":[0,0],"1":[0,0],"2":[0,0],"3":[0,0],"4":[0,0],"5":[0,0],"6":[0,0],"7":[0,0],"8":[0,0]},"_coverageSchema":"1a1c01bbd47fc00a2c39e90264f33305004495a9","hash":"2d849f00564450335cf4f41cff4e6ea46819d209"}
}
