TN:
SF:controllers\alertController.js
FN:5,(anonymous_0)
FN:46,(anonymous_1)
FN:61,(anonymous_2)
FN:83,(anonymous_3)
FN:105,(anonymous_4)
FN:115,(anonymous_5)
FN:116,(anonymous_6)
FN:125,(anonymous_7)
FNF:8
FNH:0
FNDA:0,(anonymous_0)
FNDA:0,(anonymous_1)
FNDA:0,(anonymous_2)
FNDA:0,(anonymous_3)
FNDA:0,(anonymous_4)
FNDA:0,(anonymous_5)
FNDA:0,(anonymous_6)
FNDA:0,(anonymous_7)
DA:2,3
DA:5,3
DA:6,0
DA:14,0
DA:16,0
DA:17,0
DA:18,0
DA:19,0
DA:20,0
DA:22,0
DA:24,0
DA:33,0
DA:41,0
DA:46,3
DA:47,0
DA:48,0
DA:51,0
DA:52,0
DA:54,0
DA:56,0
DA:61,3
DA:62,0
DA:63,0
DA:69,0
DA:70,0
DA:73,0
DA:74,0
DA:76,0
DA:78,0
DA:83,3
DA:84,0
DA:85,0
DA:91,0
DA:92,0
DA:95,0
DA:96,0
DA:98,0
DA:100,0
DA:105,3
DA:106,0
DA:107,0
DA:113,0
DA:114,0
DA:115,0
DA:116,0
DA:118,0
DA:120,0
DA:125,3
DA:126,0
DA:127,0
DA:128,0
DA:132,0
DA:136,0
DA:140,3
LF:54
LH:8
BRDA:12,0,0,0
BRDA:13,1,0,0
BRDA:17,2,0,0
BRDA:17,2,1,0
BRDA:18,3,0,0
BRDA:18,3,1,0
BRDA:19,4,0,0
BRDA:19,4,1,0
BRDA:20,5,0,0
BRDA:20,5,1,0
BRDA:51,6,0,0
BRDA:51,6,1,0
BRDA:69,7,0,0
BRDA:69,7,1,0
BRDA:74,8,0,0
BRDA:74,8,1,0
BRDA:91,9,0,0
BRDA:91,9,1,0
BRDA:96,10,0,0
BRDA:96,10,1,0
BRF:20
BRH:0
end_of_record
TN:
SF:controllers\authController.js
FN:6,(anonymous_0)
FN:39,(anonymous_1)
FN:79,(anonymous_2)
FNF:3
FNH:3
FNDA:20,(anonymous_0)
FNDA:3,(anonymous_1)
FNDA:1,(anonymous_2)
DA:2,3
DA:3,3
DA:6,3
DA:7,20
DA:8,20
DA:11,20
DA:12,20
DA:13,1
DA:17,19
DA:19,18
DA:20,18
DA:22,18
DA:34,1
DA:39,3
DA:40,3
DA:41,3
DA:44,3
DA:45,3
DA:46,1
DA:50,2
DA:51,2
DA:52,1
DA:56,1
DA:57,1
DA:59,1
DA:60,1
DA:62,1
DA:74,0
DA:79,3
DA:80,1
DA:81,1
DA:82,1
DA:84,0
DA:88,3
LF:34
LH:32
BRDA:12,0,0,1
BRDA:12,0,1,19
BRDA:45,1,0,1
BRDA:45,1,1,2
BRDA:51,2,0,1
BRDA:51,2,1,1
BRF:6
BRH:6
end_of_record
TN:
SF:controllers\incidentController.js
FN:11,(anonymous_0)
FN:48,(anonymous_1)
FN:59,(anonymous_2)
FN:112,(anonymous_3)
FN:130,(anonymous_4)
FN:167,(anonymous_5)
FN:171,(anonymous_6)
FN:183,(anonymous_7)
FN:213,(anonymous_8)
FN:230,(anonymous_9)
FN:243,(anonymous_10)
FN:246,(anonymous_11)
FNF:12
FNH:8
FNDA:6,(anonymous_0)
FNDA:0,(anonymous_1)
FNDA:3,(anonymous_2)
FNDA:0,(anonymous_3)
FNDA:2,(anonymous_4)
FNDA:0,(anonymous_5)
FNDA:0,(anonymous_6)
FNDA:1,(anonymous_7)
FNDA:1,(anonymous_8)
FNDA:1,(anonymous_9)
FNDA:1,(anonymous_10)
FNDA:1,(anonymous_11)
DA:2,3
DA:8,3
DA:11,3
DA:12,6
DA:20,6
DA:22,6
DA:23,0
DA:26,6
DA:41,6
DA:44,6
DA:45,6
DA:48,6
DA:49,0
DA:52,6
DA:54,0
DA:59,3
DA:60,3
DA:70,3
DA:72,3
DA:74,3
DA:75,3
DA:76,3
DA:79,3
DA:80,1
DA:87,3
DA:88,3
DA:90,3
DA:99,3
DA:107,0
DA:112,3
DA:113,0
DA:114,0
DA:119,0
DA:120,0
DA:123,0
DA:125,0
DA:130,3
DA:131,2
DA:132,2
DA:134,2
DA:135,2
DA:136,0
DA:140,2
DA:141,2
DA:145,2
DA:148,2
DA:149,1
DA:151,1
DA:155,2
DA:156,2
DA:157,2
DA:158,2
DA:160,2
DA:161,2
DA:163,2
DA:164,2
DA:166,2
DA:167,1
DA:168,0
DA:171,1
DA:172,0
DA:176,2
DA:178,0
DA:183,3
DA:184,1
DA:185,1
DA:187,1
DA:188,0
DA:191,1
DA:192,1
DA:193,0
DA:196,1
DA:197,1
DA:198,1
DA:200,1
DA:201,1
DA:203,1
DA:208,0
DA:213,3
DA:214,1
DA:215,1
DA:216,1
DA:217,0
DA:220,1
DA:221,1
DA:223,1
DA:225,0
DA:230,3
DA:231,1
DA:232,1
DA:242,1
DA:243,1
DA:245,1
DA:246,1
DA:248,1
DA:252,0
DA:256,3
LF:97
LH:77
BRDA:22,0,0,0
BRDA:22,0,1,6
BRDA:29,1,0,6
BRDA:29,1,1,0
BRDA:31,2,0,6
BRDA:31,2,1,6
BRDA:32,3,0,6
BRDA:32,3,1,6
BRDA:45,4,0,6
BRDA:45,4,1,0
BRDA:66,5,0,3
BRDA:67,6,0,2
BRDA:68,7,0,3
BRDA:69,8,0,3
BRDA:74,9,0,1
BRDA:74,9,1,2
BRDA:75,10,0,0
BRDA:75,10,1,3
BRDA:76,11,0,0
BRDA:76,11,1,3
BRDA:79,12,0,1
BRDA:79,12,1,2
BRDA:88,13,0,0
BRDA:88,13,1,3
BRDA:119,14,0,0
BRDA:119,14,1,0
BRDA:135,15,0,0
BRDA:135,15,1,2
BRDA:140,16,0,2
BRDA:140,16,1,0
BRDA:140,17,0,2
BRDA:140,17,1,2
BRDA:148,18,0,1
BRDA:148,18,1,1
BRDA:155,19,0,0
BRDA:155,19,1,2
BRDA:156,20,0,0
BRDA:156,20,1,2
BRDA:157,21,0,0
BRDA:157,21,1,2
BRDA:158,22,0,0
BRDA:158,22,1,2
BRDA:164,23,0,2
BRDA:164,23,1,0
BRDA:166,24,0,1
BRDA:166,24,1,1
BRDA:187,25,0,0
BRDA:187,25,1,1
BRDA:192,26,0,0
BRDA:192,26,1,1
BRDA:201,27,0,1
BRDA:201,27,1,0
BRDA:216,28,0,0
BRDA:216,28,1,1
BRDA:221,29,0,1
BRDA:221,29,1,0
BRF:56
BRH:36
end_of_record
TN:
SF:controllers\metricsController.js
FN:6,(anonymous_0)
FN:39,(anonymous_1)
FN:60,(anonymous_2)
FN:101,(anonymous_3)
FN:125,(anonymous_4)
FNF:5
FNH:5
FNDA:2,(anonymous_0)
FNDA:1,(anonymous_1)
FNDA:2,(anonymous_2)
FNDA:1,(anonymous_3)
FNDA:1,(anonymous_4)
DA:2,3
DA:3,3
DA:6,3
DA:7,2
DA:8,2
DA:10,2
DA:11,1
DA:16,1
DA:27,1
DA:29,1
DA:34,0
DA:39,3
DA:40,1
DA:41,1
DA:43,1
DA:44,0
DA:47,1
DA:48,3
DA:51,1
DA:55,0
DA:60,3
DA:61,2
DA:68,2
DA:70,2
DA:72,2
DA:74,2
DA:75,0
DA:76,0
DA:77,0
DA:80,2
DA:82,2
DA:87,2
DA:89,2
DA:96,0
DA:101,3
DA:102,1
DA:103,1
DA:118,1
DA:120,0
DA:125,3
DA:126,1
DA:127,1
DA:128,1
DA:130,1
DA:131,1
DA:132,0
DA:133,0
DA:134,0
DA:137,1
DA:155,1
DA:156,0
DA:159,1
DA:161,0
DA:165,3
LF:54
LH:41
BRDA:10,0,0,1
BRDA:10,0,1,1
BRDA:10,1,0,2
BRDA:10,1,1,2
BRDA:10,1,2,1
BRDA:10,1,3,1
BRDA:18,2,0,1
BRDA:18,2,1,1
BRDA:22,3,0,1
BRDA:22,3,1,0
BRDA:43,4,0,0
BRDA:43,4,1,1
BRDA:43,5,0,1
BRDA:43,5,1,1
BRDA:66,6,0,1
BRDA:67,7,0,2
BRDA:72,8,0,1
BRDA:72,8,1,1
BRDA:74,9,0,0
BRDA:74,9,1,2
BRDA:74,10,0,2
BRDA:74,10,1,2
BRDA:76,11,0,0
BRDA:76,11,1,0
BRDA:77,12,0,0
BRDA:77,12,1,0
BRDA:131,13,0,0
BRDA:131,13,1,1
BRDA:131,14,0,1
BRDA:131,14,1,1
BRDA:133,15,0,0
BRDA:133,15,1,0
BRDA:134,16,0,0
BRDA:134,16,1,0
BRDA:155,17,0,0
BRDA:155,17,1,1
BRF:36
BRH:23
end_of_record
TN:
SF:controllers\rcaController.js
FN:6,(anonymous_0)
FN:53,(anonymous_1)
FN:68,(anonymous_2)
FN:85,(anonymous_3)
FN:93,(anonymous_4)
FN:104,(anonymous_5)
FNF:6
FNH:0
FNDA:0,(anonymous_0)
FNDA:0,(anonymous_1)
FNDA:0,(anonymous_2)
FNDA:0,(anonymous_3)
FNDA:0,(anonymous_4)
FNDA:0,(anonymous_5)
DA:2,3
DA:3,3
DA:6,3
DA:7,0
DA:8,0
DA:11,0
DA:12,0
DA:13,0
DA:17,0
DA:18,0
DA:26,0
DA:29,0
DA:30,0
DA:31,0
DA:34,0
DA:40,0
DA:42,0
DA:43,0
DA:48,0
DA:53,3
DA:54,0
DA:55,0
DA:56,0
DA:57,0
DA:61,0
DA:63,0
DA:68,3
DA:69,0
DA:71,0
DA:76,0
DA:77,0
DA:83,0
DA:85,0
DA:89,0
DA:90,0
DA:91,0
DA:93,0
DA:95,0
DA:99,0
DA:104,3
DA:105,0
DA:106,0
DA:114,0
DA:124,0
DA:128,3
LF:45
LH:7
BRDA:12,0,0,0
BRDA:12,0,1,0
BRDA:17,1,0,0
BRDA:17,1,1,0
BRDA:17,2,0,0
BRDA:17,2,1,0
BRDA:30,3,0,0
BRDA:30,3,1,0
BRDA:42,4,0,0
BRDA:42,4,1,0
BRDA:56,5,0,0
BRDA:56,5,1,0
BRDA:76,6,0,0
BRDA:76,6,1,0
BRDA:119,7,0,0
BRDA:119,7,1,0
BRF:16
BRH:0
end_of_record
TN:
SF:routes\aiRoutes.js
FN:11,(anonymous_0)
FN:24,(anonymous_1)
FN:55,(anonymous_2)
FN:114,(anonymous_3)
FNF:4
FNH:0
FNDA:0,(anonymous_0)
FNDA:0,(anonymous_1)
FNDA:0,(anonymous_2)
FNDA:0,(anonymous_3)
DA:2,3
DA:3,3
DA:4,3
DA:5,3
DA:6,3
DA:8,3
DA:11,3
DA:12,0
DA:13,0
DA:17,0
DA:19,0
DA:24,3
DA:25,0
DA:31,0
DA:33,0
DA:34,0
DA:35,0
DA:36,0
DA:37,0
DA:38,0
DA:41,0
DA:45,0
DA:50,0
DA:55,3
DA:56,0
DA:57,0
DA:107,0
DA:109,0
DA:114,3
DA:115,0
DA:116,0
DA:117,0
DA:119,0
DA:126,0
DA:128,0
DA:132,3
LF:36
LH:11
BRDA:28,0,0,0
BRDA:34,1,0,0
BRDA:34,1,1,0
BRDA:35,2,0,0
BRDA:35,2,1,0
BRDA:35,3,0,0
BRDA:35,3,1,0
BRDA:37,4,0,0
BRDA:37,4,1,0
BRDA:38,5,0,0
BRDA:38,5,1,0
BRDA:117,6,0,0
BRF:12
BRH:0
end_of_record
TN:
SF:routes\alertRoutes.js
FNF:0
FNH:0
DA:2,3
DA:3,3
DA:11,3
DA:12,3
DA:14,3
DA:16,3
DA:17,3
DA:18,3
DA:19,3
DA:20,3
DA:21,3
DA:23,3
LF:12
LH:12
BRF:0
BRH:0
end_of_record
TN:
SF:routes\authRoutes.js
FNF:0
FNH:0
DA:2,3
DA:3,3
DA:4,3
DA:5,3
DA:7,3
DA:8,3
DA:9,3
DA:11,3
LF:8
LH:8
BRF:0
BRH:0
end_of_record
TN:
SF:routes\incidentRoutes.js
FNF:0
FNH:0
DA:2,3
DA:3,3
DA:12,3
DA:13,3
DA:16,3
DA:18,3
DA:19,3
DA:20,3
DA:21,3
DA:22,3
DA:23,3
DA:24,3
DA:26,3
LF:13
LH:13
BRF:0
BRH:0
end_of_record
TN:
SF:routes\metricsRoutes.js
FNF:0
FNH:0
DA:2,3
DA:3,3
DA:10,3
DA:11,3
DA:14,3
DA:15,3
DA:18,3
DA:19,3
DA:20,3
DA:22,3
LF:10
LH:10
BRF:0
BRH:0
end_of_record
TN:
SF:routes\rcaRoutes.js
FNF:0
FNH:0
DA:2,3
DA:3,3
DA:9,3
DA:10,3
DA:12,3
DA:14,3
DA:15,3
DA:16,3
DA:17,3
DA:19,3
LF:10
LH:10
BRF:0
BRH:0
end_of_record
TN:
SF:routes\userRoutes.js
FN:12,(anonymous_0)
FN:27,(anonymous_1)
FNF:2
FNH:0
FNDA:0,(anonymous_0)
FNDA:0,(anonymous_1)
DA:2,3
DA:3,3
DA:4,3
DA:5,3
DA:8,3
DA:13,0
DA:14,0
DA:15,0
DA:17,0
DA:23,3
DA:28,0
DA:29,0
DA:34,0
DA:36,0
DA:41,3
LF:15
LH:7
BRF:0
BRH:0
end_of_record
TN:
SF:routes\webhookRoutes.js
FN:10,(anonymous_0)
FN:16,(anonymous_1)
FN:43,(anonymous_2)
FNF:3
FNH:0
FNDA:0,(anonymous_0)
FNDA:0,(anonymous_1)
FNDA:0,(anonymous_2)
DA:2,3
DA:3,3
DA:4,3
DA:5,3
DA:7,3
DA:10,3
DA:11,0
DA:12,0
DA:16,3
DA:17,0
DA:19,0
DA:20,0
DA:26,0
DA:33,0
DA:35,0
DA:43,3
DA:44,0
DA:45,0
DA:46,0
DA:53,0
DA:55,0
DA:62,3
LF:22
LH:9
BRDA:19,0,0,0
BRDA:19,0,1,0
BRDA:19,1,0,0
BRDA:19,1,1,0
BRDA:36,2,0,0
BRDA:36,2,1,0
BRDA:38,3,0,0
BRDA:38,3,1,0
BRF:8
BRH:0
end_of_record
TN:
SF:services\alertCooldown.js
FN:6,(anonymous_0)
FN:11,(anonymous_1)
FN:16,(anonymous_2)
FN:21,(anonymous_3)
FNF:4
FNH:3
FNDA:6,(anonymous_0)
FNDA:3,(anonymous_1)
FNDA:4,(anonymous_2)
FNDA:0,(anonymous_3)
DA:4,3
DA:6,3
DA:7,6
DA:8,6
DA:9,6
DA:11,3
DA:12,2
DA:13,2
DA:16,3
DA:17,4
DA:18,4
DA:21,3
DA:22,0
DA:23,0
DA:26,3
LF:15
LH:13
BRDA:9,0,0,4
BRDA:9,0,1,2
BRDA:13,1,0,2
BRDA:13,1,1,0
BRF:4
BRH:3
end_of_record
TN:
SF:services\alertEngine.js
FN:12,(anonymous_0)
FN:16,(anonymous_1)
FN:30,(anonymous_2)
FN:76,(anonymous_3)
FN:80,(anonymous_4)
FNF:5
FNH:2
FNDA:0,(anonymous_0)
FNDA:4,(anonymous_1)
FNDA:6,(anonymous_2)
FNDA:0,(anonymous_3)
FNDA:0,(anonymous_4)
DA:2,3
DA:3,3
DA:4,3
DA:5,3
DA:6,3
DA:7,3
DA:8,3
DA:10,3
DA:12,3
DA:16,3
DA:17,4
DA:18,4
DA:19,24
DA:20,24
DA:22,24
DA:23,6
DA:30,3
DA:31,6
DA:34,6
DA:37,4
DA:39,4
DA:41,4
DA:51,4
DA:52,4
DA:53,4
DA:64,4
DA:65,4
DA:69,4
DA:70,4
DA:75,4
DA:76,2
DA:77,0
DA:79,2
DA:80,2
DA:81,0
DA:85,4
DA:86,0
DA:89,4
DA:91,0
DA:95,3
LF:40
LH:36
BRDA:20,0,0,0
BRDA:20,0,1,24
BRDA:22,1,0,6
BRDA:22,1,1,18
BRDA:34,2,0,2
BRDA:34,2,1,4
BRDA:52,3,0,4
BRDA:52,3,1,0
BRDA:52,4,0,4
BRDA:52,4,1,2
BRDA:75,5,0,2
BRDA:75,5,1,2
BRDA:79,6,0,2
BRDA:79,6,1,0
BRDA:85,7,0,0
BRDA:85,7,1,4
BRF:16
BRH:12
end_of_record
TN:
SF:services\anomalyProcessor.js
FN:9,(anonymous_0)
FN:16,(anonymous_1)
FN:22,(anonymous_2)
FN:27,(anonymous_3)
FN:100,(anonymous_4)
FN:110,(anonymous_5)
FN:120,(anonymous_6)
FNF:7
FNH:0
FNDA:0,(anonymous_0)
FNDA:0,(anonymous_1)
FNDA:0,(anonymous_2)
FNDA:0,(anonymous_3)
FNDA:0,(anonymous_4)
FNDA:0,(anonymous_5)
FNDA:0,(anonymous_6)
DA:2,2
DA:3,2
DA:4,2
DA:5,2
DA:7,2
DA:9,2
DA:13,2
DA:14,2
DA:16,2
DA:17,0
DA:18,0
DA:19,0
DA:22,2
DA:23,0
DA:27,2
DA:28,0
DA:31,0
DA:33,0
DA:34,0
DA:35,0
DA:38,0
DA:39,0
DA:41,0
DA:42,0
DA:43,0
DA:45,0
DA:48,0
DA:61,0
DA:66,0
DA:68,0
DA:90,0
DA:92,0
DA:99,0
DA:100,0
DA:103,0
DA:104,0
DA:108,0
DA:110,0
DA:117,0
DA:120,0
DA:121,0
DA:126,2
LF:42
LH:12
BRDA:18,0,0,0
BRDA:18,0,1,0
BRDA:28,1,0,0
BRDA:28,1,1,0
BRDA:28,2,0,0
BRDA:28,2,1,0
BRDA:33,3,0,0
BRDA:33,3,1,0
BRDA:33,4,0,0
BRDA:33,4,1,0
BRDA:45,5,0,0
BRDA:45,5,1,0
BRDA:61,6,0,0
BRDA:61,6,1,0
BRDA:62,7,0,0
BRDA:62,7,1,0
BRDA:62,7,2,0
BRDA:62,7,3,0
BRDA:103,8,0,0
BRDA:103,8,1,0
BRDA:108,9,0,0
BRDA:108,9,1,0
BRDA:112,10,0,0
BRDA:112,10,1,0
BRDA:113,11,0,0
BRDA:113,11,1,0
BRDA:114,12,0,0
BRDA:114,12,1,0
BRF:28
BRH:0
end_of_record
TN:
SF:services\metricsQueue.js
FN:12,(anonymous_0)
FN:14,(anonymous_1)
FN:19,(anonymous_2)
FN:47,(anonymous_3)
FN:50,(anonymous_4)
FNF:5
FNH:1
FNDA:0,(anonymous_0)
FNDA:4,(anonymous_1)
FNDA:0,(anonymous_2)
FNDA:0,(anonymous_3)
FNDA:0,(anonymous_4)
DA:2,3
DA:3,3
DA:4,3
DA:5,3
DA:7,3
DA:8,3
DA:10,3
DA:12,3
DA:14,3
DA:15,4
DA:16,4
DA:19,3
DA:20,0
DA:21,0
DA:22,0
DA:24,0
DA:25,0
DA:27,0
DA:28,0
DA:29,0
DA:32,0
DA:33,0
DA:34,0
DA:37,0
DA:40,0
DA:47,3
DA:48,0
DA:49,0
DA:50,0
DA:51,0
DA:52,0
DA:54,0
DA:59,3
LF:33
LH:14
BRDA:22,0,0,0
BRDA:22,0,1,0
BRDA:29,1,0,0
BRDA:29,1,1,0
BRDA:32,2,0,0
BRDA:32,2,1,0
BRDA:37,3,0,0
BRDA:37,3,1,0
BRDA:48,4,0,0
BRDA:48,4,1,0
BRF:10
BRH:0
end_of_record
TN:
SF:services\notificationService.js
FN:18,(anonymous_0)
FN:80,(anonymous_1)
FN:94,(anonymous_2)
FNF:3
FNH:0
FNDA:0,(anonymous_0)
FNDA:0,(anonymous_1)
FNDA:0,(anonymous_2)
DA:2,2
DA:3,2
DA:5,2
DA:8,2
DA:18,2
DA:19,0
DA:20,0
DA:21,0
DA:24,0
DA:25,0
DA:29,0
DA:67,0
DA:68,0
DA:69,0
DA:71,0
DA:78,2
DA:80,2
DA:81,0
DA:82,0
DA:91,0
DA:94,2
DA:95,0
DA:96,0
DA:97,0
DA:100,0
DA:101,0
DA:103,0
DA:155,0
DA:156,0
DA:162,0
DA:164,0
DA:168,2
LF:32
LH:9
BRDA:19,0,0,0
BRDA:19,0,1,0
BRDA:19,1,0,0
BRDA:19,1,1,0
BRDA:24,2,0,0
BRDA:24,2,1,0
BRDA:25,3,0,0
BRDA:25,3,1,0
BRDA:81,4,0,0
BRDA:81,4,1,0
BRDA:84,5,0,0
BRDA:84,5,1,0
BRDA:95,6,0,0
BRDA:95,6,1,0
BRDA:95,7,0,0
BRDA:95,7,1,0
BRDA:95,7,2,0
BRDA:100,8,0,0
BRDA:100,8,1,0
BRDA:137,9,0,0
BRDA:137,9,1,0
BRF:21
BRH:0
end_of_record
TN:
SF:services\webhookService.js
FN:46,(anonymous_0)
FN:60,(anonymous_1)
FN:69,(anonymous_2)
FN:74,(anonymous_3)
FN:108,(anonymous_4)
FN:114,(anonymous_5)
FN:126,(anonymous_6)
FN:137,(anonymous_7)
FN:147,(anonymous_8)
FN:161,(anonymous_9)
FN:172,(anonymous_10)
FN:185,(anonymous_11)
FNF:12
FNH:0
FNDA:0,(anonymous_0)
FNDA:0,(anonymous_1)
FNDA:0,(anonymous_2)
FNDA:0,(anonymous_3)
FNDA:0,(anonymous_4)
FNDA:0,(anonymous_5)
FNDA:0,(anonymous_6)
FNDA:0,(anonymous_7)
FNDA:0,(anonymous_8)
FNDA:0,(anonymous_9)
FNDA:0,(anonymous_10)
FNDA:0,(anonymous_11)
DA:2,2
DA:4,2
DA:5,2
DA:6,2
DA:9,2
DA:24,2
DA:43,2
DA:44,2
DA:46,2
DA:47,0
DA:56,0
DA:60,2
DA:61,0
DA:62,0
DA:63,0
DA:64,0
DA:68,0
DA:69,0
DA:74,2
DA:75,0
DA:76,0
DA:83,0
DA:85,0
DA:86,0
DA:87,0
DA:95,0
DA:96,0
DA:97,0
DA:99,0
DA:100,0
DA:101,0
DA:102,0
DA:103,0
DA:104,0
DA:106,0
DA:107,0
DA:108,0
DA:114,2
DA:115,0
DA:126,2
DA:127,0
DA:137,2
DA:138,0
DA:147,2
DA:148,0
DA:161,2
DA:162,0
DA:172,2
DA:173,0
DA:185,2
DA:187,2
LF:51
LH:19
BRDA:4,0,0,2
BRDA:4,0,1,2
BRDA:5,1,0,2
BRDA:5,1,1,2
BRDA:46,2,0,0
BRDA:56,3,0,0
BRDA:56,3,1,0
BRDA:60,4,0,0
BRDA:62,5,0,0
BRDA:62,5,1,0
BRDA:62,6,0,0
BRDA:62,6,1,0
BRDA:74,7,0,0
BRDA:100,8,0,0
BRDA:100,8,1,0
BRDA:101,9,0,0
BRDA:101,9,1,0
BRDA:155,10,0,0
BRDA:155,10,1,0
BRDA:156,11,0,0
BRDA:156,11,1,0
BRDA:169,12,0,0
BRDA:169,12,1,0
BRF:23
BRH:4
end_of_record
TN:
SF:services\rca\contextBuilder.js
FN:7,(anonymous_0)
FN:44,(anonymous_1)
FN:45,(anonymous_2)
FN:46,(anonymous_3)
FN:47,(anonymous_4)
FN:71,(anonymous_5)
FN:77,(anonymous_6)
FN:95,(anonymous_7)
FN:109,(anonymous_8)
FN:109,(anonymous_9)
FNF:10
FNH:0
FNDA:0,(anonymous_0)
FNDA:0,(anonymous_1)
FNDA:0,(anonymous_2)
FNDA:0,(anonymous_3)
FNDA:0,(anonymous_4)
FNDA:0,(anonymous_5)
FNDA:0,(anonymous_6)
FNDA:0,(anonymous_7)
FNDA:0,(anonymous_8)
FNDA:0,(anonymous_9)
DA:2,3
DA:3,3
DA:4,3
DA:7,3
DA:8,0
DA:12,0
DA:14,0
DA:20,0
DA:26,0
DA:28,0
DA:33,0
DA:42,0
DA:43,0
DA:44,0
DA:45,0
DA:46,0
DA:47,0
DA:49,0
DA:71,0
DA:77,0
DA:83,0
DA:95,0
DA:109,3
DA:111,3
LF:24
LH:6
BRDA:12,0,0,0
BRDA:12,0,1,0
BRDA:26,1,0,0
BRDA:26,1,1,0
BRDA:38,2,0,0
BRDA:38,2,1,0
BRDA:43,3,0,0
BRDA:43,3,1,0
BRDA:67,4,0,0
BRDA:67,4,1,0
BRDA:70,5,0,0
BRDA:70,5,1,0
BRDA:71,6,0,0
BRDA:71,6,1,0
BRDA:79,7,0,0
BRDA:79,7,1,0
BRF:16
BRH:0
end_of_record
TN:
SF:services\rca\promptBuilder.js
FN:25,(anonymous_0)
FN:71,(anonymous_1)
FN:82,(anonymous_2)
FNF:3
FNH:0
FNDA:0,(anonymous_0)
FNDA:0,(anonymous_1)
FNDA:0,(anonymous_2)
DA:3,3
DA:25,3
DA:33,0
DA:35,0
DA:38,0
DA:39,0
DA:40,0
DA:41,0
DA:42,0
DA:43,0
DA:44,0
DA:45,0
DA:46,0
DA:47,0
DA:48,0
DA:50,0
DA:53,0
DA:54,0
DA:55,0
DA:56,0
DA:57,0
DA:58,0
DA:59,0
DA:60,0
DA:61,0
DA:63,0
DA:65,0
DA:69,0
DA:70,0
DA:71,0
DA:72,0
DA:74,0
DA:76,0
DA:80,0
DA:81,0
DA:82,0
DA:83,0
DA:85,0
DA:88,0
DA:90,0
DA:93,3
LF:41
LH:3
BRDA:40,0,0,0
BRDA:40,0,1,0
BRDA:42,1,0,0
BRDA:42,1,1,0
BRDA:45,2,0,0
BRDA:45,2,1,0
BRDA:53,3,0,0
BRDA:53,3,1,0
BRDA:60,4,0,0
BRDA:60,4,1,0
BRDA:69,5,0,0
BRDA:69,5,1,0
BRDA:80,6,0,0
BRDA:80,6,1,0
BRF:14
BRH:0
end_of_record
TN:
SF:services\rca\rcaService.js
FN:8,(anonymous_0)
FN:79,(anonymous_1)
FNF:2
FNH:0
FNDA:0,(anonymous_0)
FNDA:0,(anonymous_1)
DA:2,3
DA:3,3
DA:4,3
DA:5,3
DA:8,3
DA:10,0
DA:11,0
DA:14,0
DA:17,0
DA:18,0
DA:26,0
DA:28,0
DA:32,0
DA:34,0
DA:36,0
DA:47,0
DA:62,0
DA:65,0
DA:74,0
DA:75,0
DA:79,3
DA:80,0
DA:81,0
DA:82,0
DA:85,3
LF:25
LH:7
BRDA:21,0,0,0
BRDA:21,0,1,0
BRDA:48,1,0,0
BRDA:48,1,1,0
BRDA:49,2,0,0
BRDA:49,2,1,0
BRDA:50,3,0,0
BRDA:50,3,1,0
BRDA:51,4,0,0
BRDA:51,4,1,0
BRDA:52,5,0,0
BRDA:52,5,1,0
BRDA:53,6,0,0
BRDA:53,6,1,0
BRDA:81,7,0,0
BRDA:81,7,1,0
BRDA:82,8,0,0
BRDA:82,8,1,0
BRF:18
BRH:0
end_of_record
